[ 2016-08-12T21:02:52+08:00 ] 127.0.0.1 /yycmsfortp/admin.php
INFO: [ app_init ] --START--
INFO: Run Behavior\BuildLiteBehavior [ RunTime:0.000034s ]
INFO: [ app_init ] --END-- [ RunTime:0.000284s ]
INFO: [ app_begin ] --START--
INFO: Run Behavior\ReadHtmlCacheBehavior [ RunTime:0.000146s ]
INFO: [ app_begin ] --END-- [ RunTime:0.000270s ]
SQL: SHOW COLUMNS FROM `menu` [ RunTime:0.0012s ]
SQL: SELECT `id`,`name`,`pid`,`isparent`,`url` FROM `menu` WHERE ( roleid ='' or roleid in ( select roleid from userinrole where userid='admin') ) ORDER BY menuorder  [ RunTime:0.0010s ]
INFO: [ view_parse ] --START--
INFO: [ template_filter ] --START--
INFO: Run Behavior\ContentReplaceBehavior [ RunTime:0.000109s ]
INFO: [ template_filter ] --END-- [ RunTime:0.000212s ]
NOTIC: [2] file_put_contents(./APP/Runtime/Cache/Admin/4d73593ea9413cb83b430e59017e71c1.php): failed to open stream: Permission denied /home/youyuan1980/www/yycmsfortp/ThinkPHP/Library/Think/Storage/Driver/File.class.php 第 47 行.
ERR: _STORAGE_WRITE_ERROR_:./APP/Runtime/Cache/Admin/4d73593ea9413cb83b430e59017e71c1.php

[ 2016-08-12T21:03:55+08:00 ] 127.0.0.1 /yycmsfortp/admin.php
INFO: [ app_init ] --START--
INFO: Run Behavior\BuildLiteBehavior [ RunTime:0.000022s ]
INFO: [ app_init ] --END-- [ RunTime:0.000172s ]
INFO: [ app_begin ] --START--
INFO: Run Behavior\ReadHtmlCacheBehavior [ RunTime:0.000118s ]
INFO: [ app_begin ] --END-- [ RunTime:0.000249s ]
SQL: SHOW COLUMNS FROM `menu` [ RunTime:0.0006s ]
SQL: SELECT `id`,`name`,`pid`,`isparent`,`url` FROM `menu` WHERE ( roleid ='' or roleid in ( select roleid from userinrole where userid='admin') ) ORDER BY menuorder  [ RunTime:0.0001s ]
INFO: [ view_parse ] --START--
INFO: [ template_filter ] --START--
INFO: Run Behavior\ContentReplaceBehavior [ RunTime:0.000058s ]
INFO: [ template_filter ] --END-- [ RunTime:0.000119s ]
INFO: Run Behavior\ParseTemplateBehavior [ RunTime:0.002760s ]
INFO: [ view_parse ] --END-- [ RunTime:0.002812s ]
INFO: [ view_filter ] --START--
INFO: Run Behavior\WriteHtmlCacheBehavior [ RunTime:0.000059s ]
INFO: [ view_filter ] --END-- [ RunTime:0.000096s ]
INFO: [ app_end ] --START--
INFO: Run Behavior\ShowPageTraceBehavior [ RunTime:0.000055s ]
INFO: [ app_end ] --END-- [ RunTime:0.000095s ]

[ 2016-08-12T21:03:55+08:00 ] 127.0.0.1 /yycmsfortp/admin.php/user/main.html
INFO: [ app_init ] --START--
INFO: Run Behavior\BuildLiteBehavior [ RunTime:0.000014s ]
INFO: [ app_init ] --END-- [ RunTime:0.000112s ]
INFO: [ app_begin ] --START--
INFO: Run Behavior\ReadHtmlCacheBehavior [ RunTime:0.000052s ]
INFO: [ app_begin ] --END-- [ RunTime:0.000106s ]
SQL: SHOW COLUMNS FROM `userinrole` [ RunTime:0.0005s ]
SQL: SELECT `rolename` FROM `userinrole` INNER JOIN  roles on roles.roleid=userinrole.roleid  WHERE (  userid='admin' )  [ RunTime:0.0004s ]
INFO: [ view_parse ] --START--
INFO: [ template_filter ] --START--
INFO: Run Behavior\ContentReplaceBehavior [ RunTime:0.000038s ]
INFO: [ template_filter ] --END-- [ RunTime:0.000082s ]
INFO: Run Behavior\ParseTemplateBehavior [ RunTime:0.002233s ]
INFO: [ view_parse ] --END-- [ RunTime:0.002278s ]
INFO: [ view_filter ] --START--
INFO: Run Behavior\WriteHtmlCacheBehavior [ RunTime:0.000035s ]
INFO: [ view_filter ] --END-- [ RunTime:0.000068s ]
INFO: [ app_end ] --START--
INFO: Run Behavior\ShowPageTraceBehavior [ RunTime:0.000034s ]
INFO: [ app_end ] --END-- [ RunTime:0.000068s ]

[ 2016-08-12T21:03:56+08:00 ] 127.0.0.1 /yycmsfortp/admin.php/user/main.html
INFO: [ app_init ] --START--
INFO: Run Behavior\BuildLiteBehavior [ RunTime:0.000035s ]
INFO: [ app_init ] --END-- [ RunTime:0.000196s ]
INFO: [ app_begin ] --START--
INFO: Run Behavior\ReadHtmlCacheBehavior [ RunTime:0.000085s ]
INFO: [ app_begin ] --END-- [ RunTime:0.000184s ]
SQL: SHOW COLUMNS FROM `userinrole` [ RunTime:0.0007s ]
SQL: SELECT `rolename` FROM `userinrole` INNER JOIN  roles on roles.roleid=userinrole.roleid  WHERE (  userid='admin' )  [ RunTime:0.0001s ]
INFO: [ view_parse ] --START--
INFO: [ template_filter ] --START--
INFO: Run Behavior\ContentReplaceBehavior [ RunTime:0.000040s ]
INFO: [ template_filter ] --END-- [ RunTime:0.000092s ]
INFO: Run Behavior\ParseTemplateBehavior [ RunTime:0.001853s ]
INFO: [ view_parse ] --END-- [ RunTime:0.001901s ]
INFO: [ view_filter ] --START--
INFO: Run Behavior\WriteHtmlCacheBehavior [ RunTime:0.000041s ]
INFO: [ view_filter ] --END-- [ RunTime:0.000083s ]
INFO: [ app_end ] --START--
INFO: Run Behavior\ShowPageTraceBehavior [ RunTime:0.000037s ]
INFO: [ app_end ] --END-- [ RunTime:0.000072s ]

[ 2016-08-12T21:03:58+08:00 ] 127.0.0.1 /yycmsfortp/admin.php/user/userlist.html
INFO: [ app_init ] --START--
INFO: Run Behavior\BuildLiteBehavior [ RunTime:0.000026s ]
INFO: [ app_init ] --END-- [ RunTime:0.000194s ]
INFO: [ app_begin ] --START--
INFO: Run Behavior\ReadHtmlCacheBehavior [ RunTime:0.000092s ]
INFO: [ app_begin ] --END-- [ RunTime:0.000190s ]
SQL: SHOW COLUMNS FROM `users` [ RunTime:0.0011s ]
SQL: SELECT COUNT(*) AS tp_count FROM `users` WHERE ( username like '%%' or userid like '%%' ) LIMIT 1   [ RunTime:0.0005s ]
SQL: SELECT * FROM `users` WHERE ( username like '%%' or userid like '%%' ) ORDER BY uptime desc LIMIT 0,10   [ RunTime:0.0007s ]
INFO: [ view_parse ] --START--
INFO: [ template_filter ] --START--
INFO: Run Behavior\ContentReplaceBehavior [ RunTime:0.000048s ]
INFO: [ template_filter ] --END-- [ RunTime:0.000108s ]
NOTIC: [8] Use of undefined constant userid - assumed 'userid' /home/youyuan1980/www/yycmsfortp/APP/Runtime/Cache/Admin/756474a72393300b348313b32f7cb5c9.php 第 65 行.
NOTIC: [8] Use of undefined constant userid - assumed 'userid' /home/youyuan1980/www/yycmsfortp/APP/Runtime/Cache/Admin/756474a72393300b348313b32f7cb5c9.php 第 65 行.
NOTIC: [8] Use of undefined constant userid - assumed 'userid' /home/youyuan1980/www/yycmsfortp/APP/Runtime/Cache/Admin/756474a72393300b348313b32f7cb5c9.php 第 65 行.
NOTIC: [8] Use of undefined constant userid - assumed 'userid' /home/youyuan1980/www/yycmsfortp/APP/Runtime/Cache/Admin/756474a72393300b348313b32f7cb5c9.php 第 65 行.
NOTIC: [8] Use of undefined constant userid - assumed 'userid' /home/youyuan1980/www/yycmsfortp/APP/Runtime/Cache/Admin/756474a72393300b348313b32f7cb5c9.php 第 65 行.
NOTIC: [8] Use of undefined constant userid - assumed 'userid' /home/youyuan1980/www/yycmsfortp/APP/Runtime/Cache/Admin/756474a72393300b348313b32f7cb5c9.php 第 65 行.
NOTIC: [8] Use of undefined constant userid - assumed 'userid' /home/youyuan1980/www/yycmsfortp/APP/Runtime/Cache/Admin/756474a72393300b348313b32f7cb5c9.php 第 65 行.
NOTIC: [8] Use of undefined constant userid - assumed 'userid' /home/youyuan1980/www/yycmsfortp/APP/Runtime/Cache/Admin/756474a72393300b348313b32f7cb5c9.php 第 65 行.
NOTIC: [8] Use of undefined constant userid - assumed 'userid' /home/youyuan1980/www/yycmsfortp/APP/Runtime/Cache/Admin/756474a72393300b348313b32f7cb5c9.php 第 65 行.
INFO: Run Behavior\ParseTemplateBehavior [ RunTime:0.007830s ]
INFO: [ view_parse ] --END-- [ RunTime:0.007892s ]
INFO: [ view_filter ] --START--
INFO: Run Behavior\WriteHtmlCacheBehavior [ RunTime:0.000047s ]
INFO: [ view_filter ] --END-- [ RunTime:0.000082s ]
INFO: [ app_end ] --START--
INFO: Run Behavior\ShowPageTraceBehavior [ RunTime:0.000040s ]
INFO: [ app_end ] --END-- [ RunTime:0.000077s ]

[ 2016-08-12T21:04:01+08:00 ] 127.0.0.1 /yycmsfortp/admin.php/articleclass/articleclass_list.php.html
INFO: [ app_init ] --START--
INFO: Run Behavior\BuildLiteBehavior [ RunTime:0.000013s ]
INFO: [ app_init ] --END-- [ RunTime:0.000091s ]
INFO: [ app_begin ] --START--
INFO: Run Behavior\ReadHtmlCacheBehavior [ RunTime:0.000039s ]
INFO: [ app_begin ] --END-- [ RunTime:0.000079s ]
ERR: 非法操作:articleclass_list.php

[ 2016-08-12T21:04:06+08:00 ] 127.0.0.1 /yycmsfortp/admin.php/user/userlist.html
INFO: [ app_init ] --START--
INFO: Run Behavior\BuildLiteBehavior [ RunTime:0.000026s ]
INFO: [ app_init ] --END-- [ RunTime:0.000194s ]
INFO: [ app_begin ] --START--
INFO: Run Behavior\ReadHtmlCacheBehavior [ RunTime:0.000093s ]
INFO: [ app_begin ] --END-- [ RunTime:0.000193s ]
SQL: SHOW COLUMNS FROM `users` [ RunTime:0.0008s ]
SQL: SELECT COUNT(*) AS tp_count FROM `users` WHERE ( username like '%%' or userid like '%%' ) LIMIT 1   [ RunTime:0.0002s ]
SQL: SELECT * FROM `users` WHERE ( username like '%%' or userid like '%%' ) ORDER BY uptime desc LIMIT 0,10   [ RunTime:0.0002s ]
INFO: [ view_parse ] --START--
INFO: [ template_filter ] --START--
INFO: Run Behavior\ContentReplaceBehavior [ RunTime:0.000051s ]
INFO: [ template_filter ] --END-- [ RunTime:0.000110s ]
NOTIC: [8] Use of undefined constant userid - assumed 'userid' /home/youyuan1980/www/yycmsfortp/APP/Runtime/Cache/Admin/756474a72393300b348313b32f7cb5c9.php 第 65 行.
NOTIC: [8] Use of undefined constant userid - assumed 'userid' /home/youyuan1980/www/yycmsfortp/APP/Runtime/Cache/Admin/756474a72393300b348313b32f7cb5c9.php 第 65 行.
NOTIC: [8] Use of undefined constant userid - assumed 'userid' /home/youyuan1980/www/yycmsfortp/APP/Runtime/Cache/Admin/756474a72393300b348313b32f7cb5c9.php 第 65 行.
NOTIC: [8] Use of undefined constant userid - assumed 'userid' /home/youyuan1980/www/yycmsfortp/APP/Runtime/Cache/Admin/756474a72393300b348313b32f7cb5c9.php 第 65 行.
NOTIC: [8] Use of undefined constant userid - assumed 'userid' /home/youyuan1980/www/yycmsfortp/APP/Runtime/Cache/Admin/756474a72393300b348313b32f7cb5c9.php 第 65 行.
NOTIC: [8] Use of undefined constant userid - assumed 'userid' /home/youyuan1980/www/yycmsfortp/APP/Runtime/Cache/Admin/756474a72393300b348313b32f7cb5c9.php 第 65 行.
NOTIC: [8] Use of undefined constant userid - assumed 'userid' /home/youyuan1980/www/yycmsfortp/APP/Runtime/Cache/Admin/756474a72393300b348313b32f7cb5c9.php 第 65 行.
NOTIC: [8] Use of undefined constant userid - assumed 'userid' /home/youyuan1980/www/yycmsfortp/APP/Runtime/Cache/Admin/756474a72393300b348313b32f7cb5c9.php 第 65 行.
NOTIC: [8] Use of undefined constant userid - assumed 'userid' /home/youyuan1980/www/yycmsfortp/APP/Runtime/Cache/Admin/756474a72393300b348313b32f7cb5c9.php 第 65 行.
INFO: Run Behavior\ParseTemplateBehavior [ RunTime:0.006135s ]
INFO: [ view_parse ] --END-- [ RunTime:0.006208s ]
INFO: [ view_filter ] --START--
INFO: Run Behavior\WriteHtmlCacheBehavior [ RunTime:0.000057s ]
INFO: [ view_filter ] --END-- [ RunTime:0.000097s ]
INFO: [ app_end ] --START--
INFO: Run Behavior\ShowPageTraceBehavior [ RunTime:0.000047s ]
INFO: [ app_end ] --END-- [ RunTime:0.000088s ]

[ 2016-08-12T21:04:09+08:00 ] 127.0.0.1 /yycmsfortp/admin.php/articleclass/articleclass_list.php.html
INFO: [ app_init ] --START--
INFO: Run Behavior\BuildLiteBehavior [ RunTime:0.000026s ]
INFO: [ app_init ] --END-- [ RunTime:0.000195s ]
INFO: [ app_begin ] --START--
INFO: Run Behavior\ReadHtmlCacheBehavior [ RunTime:0.000077s ]
INFO: [ app_begin ] --END-- [ RunTime:0.000164s ]
ERR: 非法操作:articleclass_list.php

[ 2016-08-12T21:07:51+08:00 ] 127.0.0.1 /yycmsfortp/admin.php/articleclass/articleclass_list.php.html
INFO: [ app_init ] --START--
INFO: Run Behavior\BuildLiteBehavior [ RunTime:0.000058s ]
INFO: [ app_init ] --END-- [ RunTime:0.000395s ]
INFO: [ app_begin ] --START--
INFO: Run Behavior\ReadHtmlCacheBehavior [ RunTime:0.000071s ]
INFO: [ app_begin ] --END-- [ RunTime:0.000122s ]
ERR: 非法操作:articleclass_list.php

[ 2016-08-12T21:08:02+08:00 ] 127.0.0.1 /yycmsfortp/admin.php
INFO: [ app_init ] --START--
INFO: Run Behavior\BuildLiteBehavior [ RunTime:0.000041s ]
INFO: [ app_init ] --END-- [ RunTime:0.000246s ]
INFO: [ app_begin ] --START--
INFO: Run Behavior\ReadHtmlCacheBehavior [ RunTime:0.000138s ]
INFO: [ app_begin ] --END-- [ RunTime:0.000243s ]
SQL: SHOW COLUMNS FROM `menu` [ RunTime:0.0013s ]
SQL: SELECT `id`,`name`,`pid`,`isparent`,`url` FROM `menu` WHERE ( roleid ='' or roleid in ( select roleid from userinrole where userid='admin') ) ORDER BY menuorder  [ RunTime:0.0002s ]
INFO: [ view_parse ] --START--
INFO: [ template_filter ] --START--
INFO: Run Behavior\ContentReplaceBehavior [ RunTime:0.000105s ]
INFO: [ template_filter ] --END-- [ RunTime:0.000217s ]
INFO: Run Behavior\ParseTemplateBehavior [ RunTime:0.004088s ]
INFO: [ view_parse ] --END-- [ RunTime:0.004200s ]
INFO: [ view_filter ] --START--
INFO: Run Behavior\WriteHtmlCacheBehavior [ RunTime:0.000096s ]
INFO: [ view_filter ] --END-- [ RunTime:0.000176s ]
INFO: [ app_end ] --START--
INFO: Run Behavior\ShowPageTraceBehavior [ RunTime:0.000103s ]
INFO: [ app_end ] --END-- [ RunTime:0.000187s ]

[ 2016-08-12T21:08:02+08:00 ] 127.0.0.1 /yycmsfortp/admin.php/user/main.html
INFO: [ app_init ] --START--
INFO: Run Behavior\BuildLiteBehavior [ RunTime:0.000013s ]
INFO: [ app_init ] --END-- [ RunTime:0.000085s ]
INFO: [ app_begin ] --START--
INFO: Run Behavior\ReadHtmlCacheBehavior [ RunTime:0.000036s ]
INFO: [ app_begin ] --END-- [ RunTime:0.000076s ]
SQL: SHOW COLUMNS FROM `userinrole` [ RunTime:0.0006s ]
SQL: SELECT `rolename` FROM `userinrole` INNER JOIN  roles on roles.roleid=userinrole.roleid  WHERE (  userid='admin' )  [ RunTime:0.0001s ]
INFO: [ view_parse ] --START--
INFO: [ template_filter ] --START--
INFO: Run Behavior\ContentReplaceBehavior [ RunTime:0.000039s ]
INFO: [ template_filter ] --END-- [ RunTime:0.000086s ]
INFO: Run Behavior\ParseTemplateBehavior [ RunTime:0.001810s ]
INFO: [ view_parse ] --END-- [ RunTime:0.001869s ]
INFO: [ view_filter ] --START--
INFO: Run Behavior\WriteHtmlCacheBehavior [ RunTime:0.000038s ]
INFO: [ view_filter ] --END-- [ RunTime:0.000073s ]
INFO: [ app_end ] --START--
INFO: Run Behavior\ShowPageTraceBehavior [ RunTime:0.000033s ]
INFO: [ app_end ] --END-- [ RunTime:0.000068s ]

[ 2016-08-12T21:08:03+08:00 ] 127.0.0.1 /yycmsfortp/admin.php/user/main.html
INFO: [ app_init ] --START--
INFO: Run Behavior\BuildLiteBehavior [ RunTime:0.000019s ]
INFO: [ app_init ] --END-- [ RunTime:0.000145s ]
INFO: [ app_begin ] --START--
INFO: Run Behavior\ReadHtmlCacheBehavior [ RunTime:0.000045s ]
INFO: [ app_begin ] --END-- [ RunTime:0.000087s ]
SQL: SHOW COLUMNS FROM `userinrole` [ RunTime:0.0005s ]
SQL: SELECT `rolename` FROM `userinrole` INNER JOIN  roles on roles.roleid=userinrole.roleid  WHERE (  userid='admin' )  [ RunTime:0.0001s ]
INFO: [ view_parse ] --START--
INFO: [ template_filter ] --START--
INFO: Run Behavior\ContentReplaceBehavior [ RunTime:0.000037s ]
INFO: [ template_filter ] --END-- [ RunTime:0.000084s ]
INFO: Run Behavior\ParseTemplateBehavior [ RunTime:0.001764s ]
INFO: [ view_parse ] --END-- [ RunTime:0.001811s ]
INFO: [ view_filter ] --START--
INFO: Run Behavior\WriteHtmlCacheBehavior [ RunTime:0.000039s ]
INFO: [ view_filter ] --END-- [ RunTime:0.000072s ]
INFO: [ app_end ] --START--
INFO: Run Behavior\ShowPageTraceBehavior [ RunTime:0.000034s ]
INFO: [ app_end ] --END-- [ RunTime:0.000068s ]

[ 2016-08-12T21:08:09+08:00 ] 127.0.0.1 /yycmsfortp/admin.php/articleclass/articleclass_list.php.html
INFO: [ app_init ] --START--
INFO: Run Behavior\BuildLiteBehavior [ RunTime:0.000025s ]
INFO: [ app_init ] --END-- [ RunTime:0.000199s ]
INFO: [ app_begin ] --START--
INFO: Run Behavior\ReadHtmlCacheBehavior [ RunTime:0.000071s ]
INFO: [ app_begin ] --END-- [ RunTime:0.000140s ]
ERR: 非法操作:articleclass_list.php

[ 2016-08-12T21:08:37+08:00 ] 127.0.0.1 /yycmsfortp/admin.php
INFO: [ app_init ] --START--
INFO: Run Behavior\BuildLiteBehavior [ RunTime:0.000015s ]
INFO: [ app_init ] --END-- [ RunTime:0.000114s ]
INFO: [ app_begin ] --START--
INFO: Run Behavior\ReadHtmlCacheBehavior [ RunTime:0.000051s ]
INFO: [ app_begin ] --END-- [ RunTime:0.000103s ]
SQL: SHOW COLUMNS FROM `menu` [ RunTime:0.0007s ]
SQL: SELECT `id`,`name`,`pid`,`isparent`,`url` FROM `menu` WHERE ( roleid ='' or roleid in ( select roleid from userinrole where userid='admin') ) ORDER BY menuorder  [ RunTime:0.0006s ]
INFO: [ view_parse ] --START--
INFO: [ template_filter ] --START--
INFO: Run Behavior\ContentReplaceBehavior [ RunTime:0.000065s ]
INFO: [ template_filter ] --END-- [ RunTime:0.000135s ]
INFO: Run Behavior\ParseTemplateBehavior [ RunTime:0.003005s ]
INFO: [ view_parse ] --END-- [ RunTime:0.003071s ]
INFO: [ view_filter ] --START--
INFO: Run Behavior\WriteHtmlCacheBehavior [ RunTime:0.000066s ]
INFO: [ view_filter ] --END-- [ RunTime:0.000115s ]
INFO: [ app_end ] --START--
INFO: Run Behavior\ShowPageTraceBehavior [ RunTime:0.000060s ]
INFO: [ app_end ] --END-- [ RunTime:0.000104s ]

[ 2016-08-12T21:08:38+08:00 ] 127.0.0.1 /yycmsfortp/admin.php/user/main.html
INFO: [ app_init ] --START--
INFO: Run Behavior\BuildLiteBehavior [ RunTime:0.000014s ]
INFO: [ app_init ] --END-- [ RunTime:0.000097s ]
INFO: [ app_begin ] --START--
INFO: Run Behavior\ReadHtmlCacheBehavior [ RunTime:0.000042s ]
INFO: [ app_begin ] --END-- [ RunTime:0.000083s ]
SQL: SHOW COLUMNS FROM `userinrole` [ RunTime:0.0005s ]
SQL: SELECT `rolename` FROM `userinrole` INNER JOIN  roles on roles.roleid=userinrole.roleid  WHERE (  userid='admin' )  [ RunTime:0.0001s ]
INFO: [ view_parse ] --START--
INFO: [ template_filter ] --START--
INFO: Run Behavior\ContentReplaceBehavior [ RunTime:0.000041s ]
INFO: [ template_filter ] --END-- [ RunTime:0.000099s ]
INFO: Run Behavior\ParseTemplateBehavior [ RunTime:0.002041s ]
INFO: [ view_parse ] --END-- [ RunTime:0.002090s ]
INFO: [ view_filter ] --START--
INFO: Run Behavior\WriteHtmlCacheBehavior [ RunTime:0.000044s ]
INFO: [ view_filter ] --END-- [ RunTime:0.000106s ]
INFO: [ app_end ] --START--
INFO: Run Behavior\ShowPageTraceBehavior [ RunTime:0.000036s ]
INFO: [ app_end ] --END-- [ RunTime:0.000073s ]

[ 2016-08-12T21:08:38+08:00 ] 127.0.0.1 /yycmsfortp/admin.php/user/main.html
INFO: [ app_init ] --START--
INFO: Run Behavior\BuildLiteBehavior [ RunTime:0.000014s ]
INFO: [ app_init ] --END-- [ RunTime:0.000096s ]
INFO: [ app_begin ] --START--
INFO: Run Behavior\ReadHtmlCacheBehavior [ RunTime:0.000062s ]
INFO: [ app_begin ] --END-- [ RunTime:0.000118s ]
SQL: SHOW COLUMNS FROM `userinrole` [ RunTime:0.0005s ]
SQL: SELECT `rolename` FROM `userinrole` INNER JOIN  roles on roles.roleid=userinrole.roleid  WHERE (  userid='admin' )  [ RunTime:0.0001s ]
INFO: [ view_parse ] --START--
INFO: [ template_filter ] --START--
INFO: Run Behavior\ContentReplaceBehavior [ RunTime:0.000038s ]
INFO: [ template_filter ] --END-- [ RunTime:0.000083s ]
INFO: Run Behavior\ParseTemplateBehavior [ RunTime:0.001856s ]
INFO: [ view_parse ] --END-- [ RunTime:0.001910s ]
INFO: [ view_filter ] --START--
INFO: Run Behavior\WriteHtmlCacheBehavior [ RunTime:0.000038s ]
INFO: [ view_filter ] --END-- [ RunTime:0.000073s ]
INFO: [ app_end ] --START--
INFO: Run Behavior\ShowPageTraceBehavior [ RunTime:0.000037s ]
INFO: [ app_end ] --END-- [ RunTime:0.000075s ]

[ 2016-08-12T21:08:39+08:00 ] 127.0.0.1 /yycmsfortp/admin.php/articleclass/articleclass_list.html
INFO: [ app_init ] --START--
INFO: Run Behavior\BuildLiteBehavior [ RunTime:0.000013s ]
INFO: [ app_init ] --END-- [ RunTime:0.000087s ]
INFO: [ app_begin ] --START--
INFO: Run Behavior\ReadHtmlCacheBehavior [ RunTime:0.000038s ]
INFO: [ app_begin ] --END-- [ RunTime:0.000080s ]
ERR: 非法操作:articleclass_list

[ 2016-08-12T21:09:11+08:00 ] 127.0.0.1 /yycmsfortp/admin.php
INFO: [ app_init ] --START--
INFO: Run Behavior\BuildLiteBehavior [ RunTime:0.000025s ]
INFO: [ app_init ] --END-- [ RunTime:0.000197s ]
INFO: [ app_begin ] --START--
INFO: Run Behavior\ReadHtmlCacheBehavior [ RunTime:0.000142s ]
INFO: [ app_begin ] --END-- [ RunTime:0.000276s ]
SQL: SHOW COLUMNS FROM `menu` [ RunTime:0.0011s ]
SQL: SELECT `id`,`name`,`pid`,`isparent`,`url` FROM `menu` WHERE ( roleid ='' or roleid in ( select roleid from userinrole where userid='admin') ) ORDER BY menuorder  [ RunTime:0.0009s ]
INFO: [ view_parse ] --START--
INFO: [ template_filter ] --START--
INFO: Run Behavior\ContentReplaceBehavior [ RunTime:0.000047s ]
INFO: [ template_filter ] --END-- [ RunTime:0.000102s ]
INFO: Run Behavior\ParseTemplateBehavior [ RunTime:0.002296s ]
INFO: [ view_parse ] --END-- [ RunTime:0.002342s ]
INFO: [ view_filter ] --START--
INFO: Run Behavior\WriteHtmlCacheBehavior [ RunTime:0.000055s ]
INFO: [ view_filter ] --END-- [ RunTime:0.000089s ]
INFO: [ app_end ] --START--
INFO: Run Behavior\ShowPageTraceBehavior [ RunTime:0.000042s ]
INFO: [ app_end ] --END-- [ RunTime:0.000077s ]

[ 2016-08-12T21:09:11+08:00 ] 127.0.0.1 /yycmsfortp/admin.php/user/main.html
INFO: [ app_init ] --START--
INFO: Run Behavior\BuildLiteBehavior [ RunTime:0.000013s ]
INFO: [ app_init ] --END-- [ RunTime:0.000094s ]
INFO: [ app_begin ] --START--
INFO: Run Behavior\ReadHtmlCacheBehavior [ RunTime:0.000052s ]
INFO: [ app_begin ] --END-- [ RunTime:0.000111s ]
SQL: SHOW COLUMNS FROM `userinrole` [ RunTime:0.0007s ]
SQL: SELECT `rolename` FROM `userinrole` INNER JOIN  roles on roles.roleid=userinrole.roleid  WHERE (  userid='admin' )  [ RunTime:0.0001s ]
INFO: [ view_parse ] --START--
INFO: [ template_filter ] --START--
INFO: Run Behavior\ContentReplaceBehavior [ RunTime:0.000037s ]
INFO: [ template_filter ] --END-- [ RunTime:0.000080s ]
INFO: Run Behavior\ParseTemplateBehavior [ RunTime:0.001783s ]
INFO: [ view_parse ] --END-- [ RunTime:0.001834s ]
INFO: [ view_filter ] --START--
INFO: Run Behavior\WriteHtmlCacheBehavior [ RunTime:0.000055s ]
INFO: [ view_filter ] --END-- [ RunTime:0.000107s ]
INFO: [ app_end ] --START--
INFO: Run Behavior\ShowPageTraceBehavior [ RunTime:0.000051s ]
INFO: [ app_end ] --END-- [ RunTime:0.000095s ]

[ 2016-08-12T21:09:11+08:00 ] 127.0.0.1 /yycmsfortp/admin.php/user/main.html
INFO: [ app_init ] --START--
INFO: Run Behavior\BuildLiteBehavior [ RunTime:0.000013s ]
INFO: [ app_init ] --END-- [ RunTime:0.000087s ]
INFO: [ app_begin ] --START--
INFO: Run Behavior\ReadHtmlCacheBehavior [ RunTime:0.000056s ]
INFO: [ app_begin ] --END-- [ RunTime:0.000116s ]
SQL: SHOW COLUMNS FROM `userinrole` [ RunTime:0.0006s ]
SQL: SELECT `rolename` FROM `userinrole` INNER JOIN  roles on roles.roleid=userinrole.roleid  WHERE (  userid='admin' )  [ RunTime:0.0001s ]
INFO: [ view_parse ] --START--
INFO: [ template_filter ] --START--
INFO: Run Behavior\ContentReplaceBehavior [ RunTime:0.000038s ]
INFO: [ template_filter ] --END-- [ RunTime:0.000087s ]
INFO: Run Behavior\ParseTemplateBehavior [ RunTime:0.002284s ]
INFO: [ view_parse ] --END-- [ RunTime:0.002378s ]
INFO: [ view_filter ] --START--
INFO: Run Behavior\WriteHtmlCacheBehavior [ RunTime:0.000084s ]
INFO: [ view_filter ] --END-- [ RunTime:0.000170s ]
INFO: [ app_end ] --START--
INFO: Run Behavior\ShowPageTraceBehavior [ RunTime:0.000079s ]
INFO: [ app_end ] --END-- [ RunTime:0.000168s ]

[ 2016-08-12T21:09:13+08:00 ] 127.0.0.1 /yycmsfortp/admin.php/articleclass/ArticleClassList.html
INFO: [ app_init ] --START--
INFO: Run Behavior\BuildLiteBehavior [ RunTime:0.000014s ]
INFO: [ app_init ] --END-- [ RunTime:0.000091s ]
INFO: [ app_begin ] --START--
INFO: Run Behavior\ReadHtmlCacheBehavior [ RunTime:0.000035s ]
INFO: [ app_begin ] --END-- [ RunTime:0.000075s ]
SQL: SHOW COLUMNS FROM `article_classlist` [ RunTime:0.0006s ]
SQL: SELECT COUNT(*) AS tp_count FROM `article_classlist` WHERE ( title like '%%' and parentid='-1' ) LIMIT 1   [ RunTime:0.0003s ]
SQL: SELECT `ID`,`TITLE`,`PARENTID` FROM `article_classlist` WHERE ( title like '%%' and parentid='-1' ) ORDER BY uptime desc LIMIT 0,10   [ RunTime:0.0002s ]
INFO: [ view_parse ] --START--
INFO: [ template_filter ] --START--
INFO: Run Behavior\ContentReplaceBehavior [ RunTime:0.000064s ]
INFO: [ template_filter ] --END-- [ RunTime:0.000130s ]
NOTIC: [8] Use of undefined constant id - assumed 'id' /home/youyuan1980/www/yycmsfortp/APP/Runtime/Cache/Admin/43c97ce36d2beacba8bc88ac9847e16b.php 第 52 行.
NOTIC: [8] Use of undefined constant parentid - assumed 'parentid' /home/youyuan1980/www/yycmsfortp/APP/Runtime/Cache/Admin/43c97ce36d2beacba8bc88ac9847e16b.php 第 52 行.
NOTIC: [8] Use of undefined constant id - assumed 'id' /home/youyuan1980/www/yycmsfortp/APP/Runtime/Cache/Admin/43c97ce36d2beacba8bc88ac9847e16b.php 第 52 行.
NOTIC: [8] Use of undefined constant id - assumed 'id' /home/youyuan1980/www/yycmsfortp/APP/Runtime/Cache/Admin/43c97ce36d2beacba8bc88ac9847e16b.php 第 52 行.
NOTIC: [8] Use of undefined constant parentid - assumed 'parentid' /home/youyuan1980/www/yycmsfortp/APP/Runtime/Cache/Admin/43c97ce36d2beacba8bc88ac9847e16b.php 第 52 行.
NOTIC: [8] Use of undefined constant id - assumed 'id' /home/youyuan1980/www/yycmsfortp/APP/Runtime/Cache/Admin/43c97ce36d2beacba8bc88ac9847e16b.php 第 52 行.
NOTIC: [8] Use of undefined constant id - assumed 'id' /home/youyuan1980/www/yycmsfortp/APP/Runtime/Cache/Admin/43c97ce36d2beacba8bc88ac9847e16b.php 第 52 行.
NOTIC: [8] Use of undefined constant parentid - assumed 'parentid' /home/youyuan1980/www/yycmsfortp/APP/Runtime/Cache/Admin/43c97ce36d2beacba8bc88ac9847e16b.php 第 52 行.
NOTIC: [8] Use of undefined constant id - assumed 'id' /home/youyuan1980/www/yycmsfortp/APP/Runtime/Cache/Admin/43c97ce36d2beacba8bc88ac9847e16b.php 第 52 行.
INFO: Run Behavior\ParseTemplateBehavior [ RunTime:0.004534s ]
INFO: [ view_parse ] --END-- [ RunTime:0.004582s ]
INFO: [ view_filter ] --START--
INFO: Run Behavior\WriteHtmlCacheBehavior [ RunTime:0.000051s ]
INFO: [ view_filter ] --END-- [ RunTime:0.000092s ]
INFO: [ app_end ] --START--
INFO: Run Behavior\ShowPageTraceBehavior [ RunTime:0.000050s ]
INFO: [ app_end ] --END-- [ RunTime:0.000103s ]

[ 2016-08-12T21:09:18+08:00 ] 127.0.0.1 /yycmsfortp/admin.php/Tax/Sqlist.aspx.html
INFO: [ app_init ] --START--
INFO: Run Behavior\BuildLiteBehavior [ RunTime:0.000025s ]
INFO: [ app_init ] --END-- [ RunTime:0.000191s ]
INFO: [ app_begin ] --START--
INFO: Run Behavior\ReadHtmlCacheBehavior [ RunTime:0.000092s ]
INFO: [ app_begin ] --END-- [ RunTime:0.000192s ]
ERR: 无法加载控制器:Tax

[ 2016-08-12T21:09:19+08:00 ] 127.0.0.1 /yycmsfortp/admin.php/Tax/SqEdit.aspx.html
INFO: [ app_init ] --START--
INFO: Run Behavior\BuildLiteBehavior [ RunTime:0.000025s ]
INFO: [ app_init ] --END-- [ RunTime:0.000176s ]
INFO: [ app_begin ] --START--
INFO: Run Behavior\ReadHtmlCacheBehavior [ RunTime:0.000080s ]
INFO: [ app_begin ] --END-- [ RunTime:0.000179s ]
ERR: 无法加载控制器:Tax

[ 2016-08-12T21:10:52+08:00 ] 127.0.0.1 /yycmsfortp/admin.php
INFO: [ app_init ] --START--
INFO: Run Behavior\BuildLiteBehavior [ RunTime:0.000029s ]
INFO: [ app_init ] --END-- [ RunTime:0.000224s ]
INFO: [ app_begin ] --START--
INFO: Run Behavior\ReadHtmlCacheBehavior [ RunTime:0.000104s ]
INFO: [ app_begin ] --END-- [ RunTime:0.000194s ]
SQL: SHOW COLUMNS FROM `menu` [ RunTime:0.0010s ]
SQL: SELECT `id`,`name`,`pid`,`isparent`,`url` FROM `menu` WHERE ( roleid ='' or roleid in ( select roleid from userinrole where userid='admin') ) ORDER BY menuorder  [ RunTime:0.0006s ]
INFO: [ view_parse ] --START--
INFO: [ template_filter ] --START--
INFO: Run Behavior\ContentReplaceBehavior [ RunTime:0.000073s ]
INFO: [ template_filter ] --END-- [ RunTime:0.000151s ]
INFO: Run Behavior\ParseTemplateBehavior [ RunTime:0.003628s ]
INFO: [ view_parse ] --END-- [ RunTime:0.003702s ]
INFO: [ view_filter ] --START--
INFO: Run Behavior\WriteHtmlCacheBehavior [ RunTime:0.000081s ]
INFO: [ view_filter ] --END-- [ RunTime:0.000138s ]
INFO: [ app_end ] --START--
INFO: Run Behavior\ShowPageTraceBehavior [ RunTime:0.000085s ]
INFO: [ app_end ] --END-- [ RunTime:0.000153s ]

[ 2016-08-12T21:10:52+08:00 ] 127.0.0.1 /yycmsfortp/admin.php/user/main.html
INFO: [ app_init ] --START--
INFO: Run Behavior\BuildLiteBehavior [ RunTime:0.000029s ]
INFO: [ app_init ] --END-- [ RunTime:0.000200s ]
INFO: [ app_begin ] --START--
INFO: Run Behavior\ReadHtmlCacheBehavior [ RunTime:0.000082s ]
INFO: [ app_begin ] --END-- [ RunTime:0.000151s ]
SQL: SHOW COLUMNS FROM `userinrole` [ RunTime:0.0007s ]
SQL: SELECT `rolename` FROM `userinrole` INNER JOIN  roles on roles.roleid=userinrole.roleid  WHERE (  userid='admin' )  [ RunTime:0.0001s ]
INFO: [ view_parse ] --START--
INFO: [ template_filter ] --START--
INFO: Run Behavior\ContentReplaceBehavior [ RunTime:0.000064s ]
INFO: [ template_filter ] --END-- [ RunTime:0.000138s ]
INFO: Run Behavior\ParseTemplateBehavior [ RunTime:0.003093s ]
INFO: [ view_parse ] --END-- [ RunTime:0.003189s ]
INFO: [ view_filter ] --START--
INFO: Run Behavior\WriteHtmlCacheBehavior [ RunTime:0.000059s ]
INFO: [ view_filter ] --END-- [ RunTime:0.000113s ]
INFO: [ app_end ] --START--
INFO: Run Behavior\ShowPageTraceBehavior [ RunTime:0.000064s ]
INFO: [ app_end ] --END-- [ RunTime:0.000123s ]

[ 2016-08-12T21:10:52+08:00 ] 127.0.0.1 /yycmsfortp/admin.php/user/main.html
INFO: [ app_init ] --START--
INFO: Run Behavior\BuildLiteBehavior [ RunTime:0.000013s ]
INFO: [ app_init ] --END-- [ RunTime:0.000089s ]
INFO: [ app_begin ] --START--
INFO: Run Behavior\ReadHtmlCacheBehavior [ RunTime:0.000039s ]
INFO: [ app_begin ] --END-- [ RunTime:0.000079s ]
SQL: SHOW COLUMNS FROM `userinrole` [ RunTime:0.0006s ]
SQL: SELECT `rolename` FROM `userinrole` INNER JOIN  roles on roles.roleid=userinrole.roleid  WHERE (  userid='admin' )  [ RunTime:0.0001s ]
INFO: [ view_parse ] --START--
INFO: [ template_filter ] --START--
INFO: Run Behavior\ContentReplaceBehavior [ RunTime:0.000036s ]
INFO: [ template_filter ] --END-- [ RunTime:0.000084s ]
INFO: Run Behavior\ParseTemplateBehavior [ RunTime:0.001788s ]
INFO: [ view_parse ] --END-- [ RunTime:0.001842s ]
INFO: [ view_filter ] --START--
INFO: Run Behavior\WriteHtmlCacheBehavior [ RunTime:0.000045s ]
INFO: [ view_filter ] --END-- [ RunTime:0.000085s ]
INFO: [ app_end ] --START--
INFO: Run Behavior\ShowPageTraceBehavior [ RunTime:0.000034s ]
INFO: [ app_end ] --END-- [ RunTime:0.000070s ]

[ 2016-08-12T21:10:53+08:00 ] 127.0.0.1 /yycmsfortp/admin.php/user/main.html
INFO: [ app_init ] --START--
INFO: Run Behavior\BuildLiteBehavior [ RunTime:0.000021s ]
INFO: [ app_init ] --END-- [ RunTime:0.000166s ]
INFO: [ app_begin ] --START--
INFO: Run Behavior\ReadHtmlCacheBehavior [ RunTime:0.000062s ]
INFO: [ app_begin ] --END-- [ RunTime:0.000120s ]
SQL: SHOW COLUMNS FROM `userinrole` [ RunTime:0.0006s ]
SQL: SELECT `rolename` FROM `userinrole` INNER JOIN  roles on roles.roleid=userinrole.roleid  WHERE (  userid='admin' )  [ RunTime:0.0001s ]
INFO: [ view_parse ] --START--
INFO: [ template_filter ] --START--
INFO: Run Behavior\ContentReplaceBehavior [ RunTime:0.000055s ]
INFO: [ template_filter ] --END-- [ RunTime:0.000124s ]
INFO: Run Behavior\ParseTemplateBehavior [ RunTime:0.002562s ]
INFO: [ view_parse ] --END-- [ RunTime:0.002628s ]
INFO: [ view_filter ] --START--
INFO: Run Behavior\WriteHtmlCacheBehavior [ RunTime:0.000054s ]
INFO: [ view_filter ] --END-- [ RunTime:0.000107s ]
INFO: [ app_end ] --START--
INFO: Run Behavior\ShowPageTraceBehavior [ RunTime:0.000053s ]
INFO: [ app_end ] --END-- [ RunTime:0.000109s ]

[ 2016-08-12T21:10:54+08:00 ] 127.0.0.1 /yycmsfortp/admin.php/user/restuserpwd.html
INFO: [ app_init ] --START--
INFO: Run Behavior\BuildLiteBehavior [ RunTime:0.000013s ]
INFO: [ app_init ] --END-- [ RunTime:0.000097s ]
INFO: [ app_begin ] --START--
INFO: Run Behavior\ReadHtmlCacheBehavior [ RunTime:0.000036s ]
INFO: [ app_begin ] --END-- [ RunTime:0.000074s ]

[ 2016-08-12T21:11:16+08:00 ] 127.0.0.1 /yycmsfortp/admin.php
INFO: [ app_init ] --START--
INFO: Run Behavior\BuildLiteBehavior [ RunTime:0.000024s ]
INFO: [ app_init ] --END-- [ RunTime:0.000172s ]
INFO: [ app_begin ] --START--
INFO: Run Behavior\ReadHtmlCacheBehavior [ RunTime:0.000065s ]
INFO: [ app_begin ] --END-- [ RunTime:0.000107s ]
SQL: SHOW COLUMNS FROM `menu` [ RunTime:0.0007s ]
SQL: SELECT `id`,`name`,`pid`,`isparent`,`url` FROM `menu` WHERE ( roleid ='' or roleid in ( select roleid from userinrole where userid='admin') ) ORDER BY menuorder  [ RunTime:0.0006s ]
INFO: [ view_parse ] --START--
INFO: [ template_filter ] --START--
INFO: Run Behavior\ContentReplaceBehavior [ RunTime:0.000075s ]
INFO: [ template_filter ] --END-- [ RunTime:0.000156s ]
INFO: Run Behavior\ParseTemplateBehavior [ RunTime:0.003716s ]
INFO: [ view_parse ] --END-- [ RunTime:0.003807s ]
INFO: [ view_filter ] --START--
INFO: Run Behavior\WriteHtmlCacheBehavior [ RunTime:0.000092s ]
INFO: [ view_filter ] --END-- [ RunTime:0.000162s ]
INFO: [ app_end ] --START--
INFO: Run Behavior\ShowPageTraceBehavior [ RunTime:0.000091s ]
INFO: [ app_end ] --END-- [ RunTime:0.000167s ]

[ 2016-08-12T21:11:16+08:00 ] 127.0.0.1 /yycmsfortp/admin.php/user/main.html
INFO: [ app_init ] --START--
INFO: Run Behavior\BuildLiteBehavior [ RunTime:0.000024s ]
INFO: [ app_init ] --END-- [ RunTime:0.000163s ]
INFO: [ app_begin ] --START--
INFO: Run Behavior\ReadHtmlCacheBehavior [ RunTime:0.000065s ]
INFO: [ app_begin ] --END-- [ RunTime:0.000115s ]
SQL: SHOW COLUMNS FROM `userinrole` [ RunTime:0.0006s ]
SQL: SELECT `rolename` FROM `userinrole` INNER JOIN  roles on roles.roleid=userinrole.roleid  WHERE (  userid='admin' )  [ RunTime:0.0001s ]
INFO: [ view_parse ] --START--
INFO: [ template_filter ] --START--
INFO: Run Behavior\ContentReplaceBehavior [ RunTime:0.000046s ]
INFO: [ template_filter ] --END-- [ RunTime:0.000102s ]
INFO: Run Behavior\ParseTemplateBehavior [ RunTime:0.002269s ]
INFO: [ view_parse ] --END-- [ RunTime:0.002325s ]
INFO: [ view_filter ] --START--
INFO: Run Behavior\WriteHtmlCacheBehavior [ RunTime:0.000048s ]
INFO: [ view_filter ] --END-- [ RunTime:0.000160s ]
INFO: [ app_end ] --START--
INFO: Run Behavior\ShowPageTraceBehavior [ RunTime:0.000048s ]
INFO: [ app_end ] --END-- [ RunTime:0.000085s ]

[ 2016-08-12T21:11:16+08:00 ] 127.0.0.1 /yycmsfortp/admin.php/user/main.html
INFO: [ app_init ] --START--
INFO: Run Behavior\BuildLiteBehavior [ RunTime:0.000038s ]
INFO: [ app_init ] --END-- [ RunTime:0.000246s ]
INFO: [ app_begin ] --START--
INFO: Run Behavior\ReadHtmlCacheBehavior [ RunTime:0.000040s ]
INFO: [ app_begin ] --END-- [ RunTime:0.000083s ]
SQL: SHOW COLUMNS FROM `userinrole` [ RunTime:0.0006s ]
SQL: SELECT `rolename` FROM `userinrole` INNER JOIN  roles on roles.roleid=userinrole.roleid  WHERE (  userid='admin' )  [ RunTime:0.0001s ]
INFO: [ view_parse ] --START--
INFO: [ template_filter ] --START--
INFO: Run Behavior\ContentReplaceBehavior [ RunTime:0.000042s ]
INFO: [ template_filter ] --END-- [ RunTime:0.000095s ]
INFO: Run Behavior\ParseTemplateBehavior [ RunTime:0.002021s ]
INFO: [ view_parse ] --END-- [ RunTime:0.002079s ]
INFO: [ view_filter ] --START--
INFO: Run Behavior\WriteHtmlCacheBehavior [ RunTime:0.000072s ]
INFO: [ view_filter ] --END-- [ RunTime:0.000117s ]
INFO: [ app_end ] --START--
INFO: Run Behavior\ShowPageTraceBehavior [ RunTime:0.000040s ]
INFO: [ app_end ] --END-- [ RunTime:0.000081s ]

[ 2016-08-12T21:11:17+08:00 ] 127.0.0.1 /yycmsfortp/admin.php/user/updpwd.html
INFO: [ app_init ] --START--
INFO: Run Behavior\BuildLiteBehavior [ RunTime:0.000013s ]
INFO: [ app_init ] --END-- [ RunTime:0.000089s ]
INFO: [ app_begin ] --START--
INFO: Run Behavior\ReadHtmlCacheBehavior [ RunTime:0.000039s ]
INFO: [ app_begin ] --END-- [ RunTime:0.000079s ]
INFO: [ view_parse ] --START--
INFO: [ template_filter ] --START--
INFO: Run Behavior\ContentReplaceBehavior [ RunTime:0.000039s ]
INFO: [ template_filter ] --END-- [ RunTime:0.000089s ]
INFO: Run Behavior\ParseTemplateBehavior [ RunTime:0.002414s ]
INFO: [ view_parse ] --END-- [ RunTime:0.002458s ]
INFO: [ view_filter ] --START--
INFO: Run Behavior\WriteHtmlCacheBehavior [ RunTime:0.000053s ]
INFO: [ view_filter ] --END-- [ RunTime:0.000099s ]
INFO: [ app_end ] --START--
INFO: Run Behavior\ShowPageTraceBehavior [ RunTime:0.000037s ]
INFO: [ app_end ] --END-- [ RunTime:0.000075s ]

[ 2016-08-12T21:11:19+08:00 ] 127.0.0.1 /yycmsfortp/admin.php/Tax/Sqlist.aspx.html
INFO: [ app_init ] --START--
INFO: Run Behavior\BuildLiteBehavior [ RunTime:0.000026s ]
INFO: [ app_init ] --END-- [ RunTime:0.000199s ]
INFO: [ app_begin ] --START--
INFO: Run Behavior\ReadHtmlCacheBehavior [ RunTime:0.000121s ]
INFO: [ app_begin ] --END-- [ RunTime:0.000272s ]
ERR: 无法加载控制器:Tax

[ 2016-08-12T21:11:53+08:00 ] 127.0.0.1 /yycmsfortp/admin.php
INFO: [ app_init ] --START--
INFO: Run Behavior\BuildLiteBehavior [ RunTime:0.000012s ]
INFO: [ app_init ] --END-- [ RunTime:0.000093s ]
INFO: [ app_begin ] --START--
INFO: Run Behavior\ReadHtmlCacheBehavior [ RunTime:0.000062s ]
INFO: [ app_begin ] --END-- [ RunTime:0.000156s ]
SQL: SHOW COLUMNS FROM `menu` [ RunTime:0.0008s ]
SQL: SELECT `id`,`name`,`pid`,`isparent`,`url` FROM `menu` WHERE ( roleid ='' or roleid in ( select roleid from userinrole where userid='admin') ) ORDER BY menuorder  [ RunTime:0.0006s ]
INFO: [ view_parse ] --START--
INFO: [ template_filter ] --START--
INFO: Run Behavior\ContentReplaceBehavior [ RunTime:0.000061s ]
INFO: [ template_filter ] --END-- [ RunTime:0.000138s ]
INFO: Run Behavior\ParseTemplateBehavior [ RunTime:0.003035s ]
INFO: [ view_parse ] --END-- [ RunTime:0.003128s ]
INFO: [ view_filter ] --START--
INFO: Run Behavior\WriteHtmlCacheBehavior [ RunTime:0.000102s ]
INFO: [ view_filter ] --END-- [ RunTime:0.000191s ]
INFO: [ app_end ] --START--
INFO: Run Behavior\ShowPageTraceBehavior [ RunTime:0.000094s ]
INFO: [ app_end ] --END-- [ RunTime:0.000185s ]

[ 2016-08-12T21:11:53+08:00 ] 127.0.0.1 /yycmsfortp/admin.php/user/main.html
INFO: [ app_init ] --START--
INFO: Run Behavior\BuildLiteBehavior [ RunTime:0.000014s ]
INFO: [ app_init ] --END-- [ RunTime:0.000131s ]
INFO: [ app_begin ] --START--
INFO: Run Behavior\ReadHtmlCacheBehavior [ RunTime:0.000038s ]
INFO: [ app_begin ] --END-- [ RunTime:0.000078s ]
SQL: SHOW COLUMNS FROM `userinrole` [ RunTime:0.0005s ]
SQL: SELECT `rolename` FROM `userinrole` INNER JOIN  roles on roles.roleid=userinrole.roleid  WHERE (  userid='admin' )  [ RunTime:0.0001s ]
INFO: [ view_parse ] --START--
INFO: [ template_filter ] --START--
INFO: Run Behavior\ContentReplaceBehavior [ RunTime:0.000040s ]
INFO: [ template_filter ] --END-- [ RunTime:0.000095s ]
INFO: Run Behavior\ParseTemplateBehavior [ RunTime:0.002164s ]
INFO: [ view_parse ] --END-- [ RunTime:0.002210s ]
INFO: [ view_filter ] --START--
INFO: Run Behavior\WriteHtmlCacheBehavior [ RunTime:0.000041s ]
INFO: [ view_filter ] --END-- [ RunTime:0.000076s ]
INFO: [ app_end ] --START--
INFO: Run Behavior\ShowPageTraceBehavior [ RunTime:0.000034s ]
INFO: [ app_end ] --END-- [ RunTime:0.000069s ]

[ 2016-08-12T21:11:53+08:00 ] 127.0.0.1 /yycmsfortp/admin.php/user/main.html
INFO: [ app_init ] --START--
INFO: Run Behavior\BuildLiteBehavior [ RunTime:0.000018s ]
INFO: [ app_init ] --END-- [ RunTime:0.000124s ]
INFO: [ app_begin ] --START--
INFO: Run Behavior\ReadHtmlCacheBehavior [ RunTime:0.000051s ]
INFO: [ app_begin ] --END-- [ RunTime:0.000102s ]
SQL: SHOW COLUMNS FROM `userinrole` [ RunTime:0.0005s ]
SQL: SELECT `rolename` FROM `userinrole` INNER JOIN  roles on roles.roleid=userinrole.roleid  WHERE (  userid='admin' )  [ RunTime:0.0001s ]
INFO: [ view_parse ] --START--
INFO: [ template_filter ] --START--
INFO: Run Behavior\ContentReplaceBehavior [ RunTime:0.000036s ]
INFO: [ template_filter ] --END-- [ RunTime:0.000077s ]
INFO: Run Behavior\ParseTemplateBehavior [ RunTime:0.001712s ]
INFO: [ view_parse ] --END-- [ RunTime:0.001759s ]
INFO: [ view_filter ] --START--
INFO: Run Behavior\WriteHtmlCacheBehavior [ RunTime:0.000036s ]
INFO: [ view_filter ] --END-- [ RunTime:0.000069s ]
INFO: [ app_end ] --START--
INFO: Run Behavior\ShowPageTraceBehavior [ RunTime:0.000035s ]
INFO: [ app_end ] --END-- [ RunTime:0.000069s ]

[ 2016-08-12T21:11:54+08:00 ] 127.0.0.1 /yycmsfortp/admin.php/Article/ArticleList.html
INFO: [ app_init ] --START--
INFO: Run Behavior\BuildLiteBehavior [ RunTime:0.000019s ]
INFO: [ app_init ] --END-- [ RunTime:0.000123s ]
INFO: [ app_begin ] --START--
INFO: Run Behavior\ReadHtmlCacheBehavior [ RunTime:0.000052s ]
INFO: [ app_begin ] --END-- [ RunTime:0.000110s ]
SQL: SHOW COLUMNS FROM `article_classlist` [ RunTime:0.0007s ]
SQL: SELECT `ID`,`TITLE`,`PARENTID` FROM `article_classlist` WHERE ( PARENTID='-1' ) LIMIT 1   [ RunTime:0.0003s ]
SQL: SELECT `TITLE`,`ID` FROM `article_classlist` WHERE ( PARENTID='-1' )  [ RunTime:0.0002s ]
SQL: SHOW COLUMNS FROM `article` [ RunTime:0.0008s ]
ERR: 1054:Unknown column 'classid' in 'where clause'
 [ SQL语句 ] : SELECT COUNT(*) AS tp_count FROM `article` WHERE ( ISDELETE='0' and title like '%%' and classid='1' ) LIMIT 1  
ERR: 1054:Unknown column 'classid' in 'where clause'
 [ SQL语句 ] : SELECT COUNT(*) AS tp_count FROM `article` WHERE ( ISDELETE='0' and title like '%%' and classid='1' ) LIMIT 1  

[ 2016-08-12T21:13:00+08:00 ] 127.0.0.1 /yycmsfortp/admin.php/Article/ArticleList.html
INFO: [ app_init ] --START--
INFO: Run Behavior\BuildLiteBehavior [ RunTime:0.000026s ]
INFO: [ app_init ] --END-- [ RunTime:0.000200s ]
INFO: [ app_begin ] --START--
INFO: Run Behavior\ReadHtmlCacheBehavior [ RunTime:0.000096s ]
INFO: [ app_begin ] --END-- [ RunTime:0.000195s ]
SQL: SHOW COLUMNS FROM `article_classlist` [ RunTime:0.0008s ]
SQL: SELECT `ID`,`TITLE`,`PARENTID` FROM `article_classlist` WHERE ( PARENTID='-1' ) LIMIT 1   [ RunTime:0.0003s ]
SQL: SELECT `TITLE`,`ID` FROM `article_classlist` WHERE ( PARENTID='-1' )  [ RunTime:0.0001s ]
SQL: SHOW COLUMNS FROM `article` [ RunTime:0.0013s ]
SQL: SELECT COUNT(*) AS tp_count FROM `article` WHERE ( ISDELETE='0' and title like '%%' and classid='1' ) LIMIT 1   [ RunTime:0.0005s ]
SQL: SELECT `ID`,`TITLE`,`CLASSID` FROM `article` WHERE ( ISDELETE=0 and title like '%%' and classid='1' ) ORDER BY uptime desc LIMIT 0,10   [ RunTime:0.0005s ]
ERR: 模板不存在:./APP/Admin/View/Article/articlelist.html

[ 2016-08-12T21:14:18+08:00 ] 127.0.0.1 /yycmsfortp/admin.php
INFO: [ app_init ] --START--
INFO: Run Behavior\BuildLiteBehavior [ RunTime:0.000022s ]
INFO: [ app_init ] --END-- [ RunTime:0.000167s ]
INFO: [ app_begin ] --START--
INFO: Run Behavior\ReadHtmlCacheBehavior [ RunTime:0.000064s ]
INFO: [ app_begin ] --END-- [ RunTime:0.000109s ]
SQL: SHOW COLUMNS FROM `menu` [ RunTime:0.0006s ]
SQL: SELECT `id`,`name`,`pid`,`isparent`,`url` FROM `menu` WHERE ( roleid ='' or roleid in ( select roleid from userinrole where userid='admin') ) ORDER BY menuorder  [ RunTime:0.0001s ]
INFO: [ view_parse ] --START--
INFO: [ template_filter ] --START--
INFO: Run Behavior\ContentReplaceBehavior [ RunTime:0.000056s ]
INFO: [ template_filter ] --END-- [ RunTime:0.000119s ]
INFO: Run Behavior\ParseTemplateBehavior [ RunTime:0.002478s ]
INFO: [ view_parse ] --END-- [ RunTime:0.002541s ]
INFO: [ view_filter ] --START--
INFO: Run Behavior\WriteHtmlCacheBehavior [ RunTime:0.000059s ]
INFO: [ view_filter ] --END-- [ RunTime:0.000095s ]
INFO: [ app_end ] --START--
INFO: Run Behavior\ShowPageTraceBehavior [ RunTime:0.000052s ]
INFO: [ app_end ] --END-- [ RunTime:0.000089s ]

[ 2016-08-12T21:14:19+08:00 ] 127.0.0.1 /yycmsfortp/admin.php/user/main.html
INFO: [ app_init ] --START--
INFO: Run Behavior\BuildLiteBehavior [ RunTime:0.000013s ]
INFO: [ app_init ] --END-- [ RunTime:0.000089s ]
INFO: [ app_begin ] --START--
INFO: Run Behavior\ReadHtmlCacheBehavior [ RunTime:0.000036s ]
INFO: [ app_begin ] --END-- [ RunTime:0.000075s ]
SQL: SHOW COLUMNS FROM `userinrole` [ RunTime:0.0007s ]
SQL: SELECT `rolename` FROM `userinrole` INNER JOIN  roles on roles.roleid=userinrole.roleid  WHERE (  userid='admin' )  [ RunTime:0.0001s ]
INFO: [ view_parse ] --START--
INFO: [ template_filter ] --START--
INFO: Run Behavior\ContentReplaceBehavior [ RunTime:0.000039s ]
INFO: [ template_filter ] --END-- [ RunTime:0.000090s ]
INFO: Run Behavior\ParseTemplateBehavior [ RunTime:0.001935s ]
INFO: [ view_parse ] --END-- [ RunTime:0.002291s ]
INFO: [ view_filter ] --START--
INFO: Run Behavior\WriteHtmlCacheBehavior [ RunTime:0.000051s ]
INFO: [ view_filter ] --END-- [ RunTime:0.000087s ]
INFO: [ app_end ] --START--
INFO: Run Behavior\ShowPageTraceBehavior [ RunTime:0.000036s ]
INFO: [ app_end ] --END-- [ RunTime:0.000071s ]

[ 2016-08-12T21:14:19+08:00 ] 127.0.0.1 /yycmsfortp/admin.php/user/main.html
INFO: [ app_init ] --START--
INFO: Run Behavior\BuildLiteBehavior [ RunTime:0.000018s ]
INFO: [ app_init ] --END-- [ RunTime:0.000123s ]
INFO: [ app_begin ] --START--
INFO: Run Behavior\ReadHtmlCacheBehavior [ RunTime:0.000046s ]
INFO: [ app_begin ] --END-- [ RunTime:0.000098s ]
SQL: SHOW COLUMNS FROM `userinrole` [ RunTime:0.0007s ]
SQL: SELECT `rolename` FROM `userinrole` INNER JOIN  roles on roles.roleid=userinrole.roleid  WHERE (  userid='admin' )  [ RunTime:0.0001s ]
INFO: [ view_parse ] --START--
INFO: [ template_filter ] --START--
INFO: Run Behavior\ContentReplaceBehavior [ RunTime:0.000036s ]
INFO: [ template_filter ] --END-- [ RunTime:0.000078s ]
INFO: Run Behavior\ParseTemplateBehavior [ RunTime:0.001718s ]
INFO: [ view_parse ] --END-- [ RunTime:0.001767s ]
INFO: [ view_filter ] --START--
INFO: Run Behavior\WriteHtmlCacheBehavior [ RunTime:0.000037s ]
INFO: [ view_filter ] --END-- [ RunTime:0.000071s ]
INFO: [ app_end ] --START--
INFO: Run Behavior\ShowPageTraceBehavior [ RunTime:0.000033s ]
INFO: [ app_end ] --END-- [ RunTime:0.000067s ]

[ 2016-08-12T21:14:19+08:00 ] 127.0.0.1 /yycmsfortp/admin.php/Article/ArticleList.html
INFO: [ app_init ] --START--
INFO: Run Behavior\BuildLiteBehavior [ RunTime:0.000013s ]
INFO: [ app_init ] --END-- [ RunTime:0.000088s ]
INFO: [ app_begin ] --START--
INFO: Run Behavior\ReadHtmlCacheBehavior [ RunTime:0.000037s ]
INFO: [ app_begin ] --END-- [ RunTime:0.000078s ]
SQL: SHOW COLUMNS FROM `article_classlist` [ RunTime:0.0007s ]
SQL: SELECT `ID`,`TITLE`,`PARENTID` FROM `article_classlist` WHERE ( PARENTID='-1' ) LIMIT 1   [ RunTime:0.0002s ]
SQL: SELECT `TITLE`,`ID` FROM `article_classlist` WHERE ( PARENTID='-1' )  [ RunTime:0.0001s ]
SQL: SHOW COLUMNS FROM `article` [ RunTime:0.0006s ]
SQL: SELECT COUNT(*) AS tp_count FROM `article` WHERE ( ISDELETE='0' and title like '%%' and classid='1' ) LIMIT 1   [ RunTime:0.0001s ]
SQL: SELECT `ID`,`TITLE`,`CLASSID` FROM `article` WHERE ( ISDELETE=0 and title like '%%' and classid='1' ) ORDER BY uptime desc LIMIT 0,10   [ RunTime:0.0001s ]
INFO: [ view_parse ] --START--
INFO: [ template_filter ] --START--
INFO: Run Behavior\ContentReplaceBehavior [ RunTime:0.000082s ]
INFO: [ template_filter ] --END-- [ RunTime:0.000172s ]
INFO: Run Behavior\ParseTemplateBehavior [ RunTime:0.004923s ]
INFO: [ view_parse ] --END-- [ RunTime:0.004991s ]
INFO: [ view_filter ] --START--
INFO: Run Behavior\WriteHtmlCacheBehavior [ RunTime:0.000058s ]
INFO: [ view_filter ] --END-- [ RunTime:0.000110s ]
INFO: [ app_end ] --START--
INFO: Run Behavior\ShowPageTraceBehavior [ RunTime:0.000054s ]
INFO: [ app_end ] --END-- [ RunTime:0.000112s ]

[ 2016-08-12T21:14:24+08:00 ] 127.0.0.1 /yycmsfortp/admin.php/articleclass/ArticleClassList.html
INFO: [ app_init ] --START--
INFO: Run Behavior\BuildLiteBehavior [ RunTime:0.000013s ]
INFO: [ app_init ] --END-- [ RunTime:0.000094s ]
INFO: [ app_begin ] --START--
INFO: Run Behavior\ReadHtmlCacheBehavior [ RunTime:0.000042s ]
INFO: [ app_begin ] --END-- [ RunTime:0.000082s ]
SQL: SHOW COLUMNS FROM `article_classlist` [ RunTime:0.0006s ]
SQL: SELECT COUNT(*) AS tp_count FROM `article_classlist` WHERE ( title like '%%' and parentid='-1' ) LIMIT 1   [ RunTime:0.0001s ]
SQL: SELECT `ID`,`TITLE`,`PARENTID` FROM `article_classlist` WHERE ( title like '%%' and parentid='-1' ) ORDER BY uptime desc LIMIT 0,10   [ RunTime:0.0000s ]
INFO: [ view_parse ] --START--
INFO: [ template_filter ] --START--
INFO: Run Behavior\ContentReplaceBehavior [ RunTime:0.000041s ]
INFO: [ template_filter ] --END-- [ RunTime:0.000082s ]
NOTIC: [8] Use of undefined constant id - assumed 'id' /home/youyuan1980/www/yycmsfortp/APP/Runtime/Cache/Admin/43c97ce36d2beacba8bc88ac9847e16b.php 第 52 行.
NOTIC: [8] Use of undefined constant parentid - assumed 'parentid' /home/youyuan1980/www/yycmsfortp/APP/Runtime/Cache/Admin/43c97ce36d2beacba8bc88ac9847e16b.php 第 52 行.
NOTIC: [8] Use of undefined constant id - assumed 'id' /home/youyuan1980/www/yycmsfortp/APP/Runtime/Cache/Admin/43c97ce36d2beacba8bc88ac9847e16b.php 第 52 行.
NOTIC: [8] Use of undefined constant id - assumed 'id' /home/youyuan1980/www/yycmsfortp/APP/Runtime/Cache/Admin/43c97ce36d2beacba8bc88ac9847e16b.php 第 52 行.
NOTIC: [8] Use of undefined constant parentid - assumed 'parentid' /home/youyuan1980/www/yycmsfortp/APP/Runtime/Cache/Admin/43c97ce36d2beacba8bc88ac9847e16b.php 第 52 行.
NOTIC: [8] Use of undefined constant id - assumed 'id' /home/youyuan1980/www/yycmsfortp/APP/Runtime/Cache/Admin/43c97ce36d2beacba8bc88ac9847e16b.php 第 52 行.
NOTIC: [8] Use of undefined constant id - assumed 'id' /home/youyuan1980/www/yycmsfortp/APP/Runtime/Cache/Admin/43c97ce36d2beacba8bc88ac9847e16b.php 第 52 行.
NOTIC: [8] Use of undefined constant parentid - assumed 'parentid' /home/youyuan1980/www/yycmsfortp/APP/Runtime/Cache/Admin/43c97ce36d2beacba8bc88ac9847e16b.php 第 52 行.
NOTIC: [8] Use of undefined constant id - assumed 'id' /home/youyuan1980/www/yycmsfortp/APP/Runtime/Cache/Admin/43c97ce36d2beacba8bc88ac9847e16b.php 第 52 行.
INFO: Run Behavior\ParseTemplateBehavior [ RunTime:0.003808s ]
INFO: [ view_parse ] --END-- [ RunTime:0.003849s ]
INFO: [ view_filter ] --START--
INFO: Run Behavior\WriteHtmlCacheBehavior [ RunTime:0.000068s ]
INFO: [ view_filter ] --END-- [ RunTime:0.000104s ]
INFO: [ app_end ] --START--
INFO: Run Behavior\ShowPageTraceBehavior [ RunTime:0.000043s ]
INFO: [ app_end ] --END-- [ RunTime:0.000077s ]

[ 2016-08-12T21:14:25+08:00 ] 127.0.0.1 /yycmsfortp/admin.php/Article/ArticleList.html
INFO: [ app_init ] --START--
INFO: Run Behavior\BuildLiteBehavior [ RunTime:0.000026s ]
INFO: [ app_init ] --END-- [ RunTime:0.000179s ]
INFO: [ app_begin ] --START--
INFO: Run Behavior\ReadHtmlCacheBehavior [ RunTime:0.000081s ]
INFO: [ app_begin ] --END-- [ RunTime:0.000183s ]
SQL: SHOW COLUMNS FROM `article_classlist` [ RunTime:0.0011s ]
SQL: SELECT `ID`,`TITLE`,`PARENTID` FROM `article_classlist` WHERE ( PARENTID='-1' ) LIMIT 1   [ RunTime:0.0002s ]
SQL: SELECT `TITLE`,`ID` FROM `article_classlist` WHERE ( PARENTID='-1' )  [ RunTime:0.0001s ]
SQL: SHOW COLUMNS FROM `article` [ RunTime:0.0007s ]
SQL: SELECT COUNT(*) AS tp_count FROM `article` WHERE ( ISDELETE='0' and title like '%%' and classid='1' ) LIMIT 1   [ RunTime:0.0002s ]
SQL: SELECT `ID`,`TITLE`,`CLASSID` FROM `article` WHERE ( ISDELETE=0 and title like '%%' and classid='1' ) ORDER BY uptime desc LIMIT 0,10   [ RunTime:0.0001s ]
INFO: [ view_parse ] --START--
INFO: [ template_filter ] --START--
INFO: Run Behavior\ContentReplaceBehavior [ RunTime:0.000085s ]
INFO: [ template_filter ] --END-- [ RunTime:0.000180s ]
INFO: Run Behavior\ParseTemplateBehavior [ RunTime:0.006504s ]
INFO: [ view_parse ] --END-- [ RunTime:0.006594s ]
INFO: [ view_filter ] --START--
INFO: Run Behavior\WriteHtmlCacheBehavior [ RunTime:0.000068s ]
INFO: [ view_filter ] --END-- [ RunTime:0.000142s ]
INFO: [ app_end ] --START--
INFO: Run Behavior\ShowPageTraceBehavior [ RunTime:0.000066s ]
INFO: [ app_end ] --END-- [ RunTime:0.000139s ]

[ 2016-08-12T21:14:26+08:00 ] 127.0.0.1 /yycmsfortp/admin.php/article/articlelist/classid/1.html
INFO: [ app_init ] --START--
INFO: Run Behavior\BuildLiteBehavior [ RunTime:0.000018s ]
INFO: [ app_init ] --END-- [ RunTime:0.000116s ]
INFO: [ app_begin ] --START--
INFO: Run Behavior\ReadHtmlCacheBehavior [ RunTime:0.000048s ]
INFO: [ app_begin ] --END-- [ RunTime:0.000104s ]
SQL: SHOW COLUMNS FROM `article_classlist` [ RunTime:0.0005s ]
SQL: SELECT `ID`,`TITLE`,`PARENTID` FROM `article_classlist` WHERE ( id='1' ) LIMIT 1   [ RunTime:0.0002s ]
SQL: SELECT `TITLE`,`ID` FROM `article_classlist` WHERE ( PARENTID='1' )  [ RunTime:0.0002s ]
SQL: SHOW COLUMNS FROM `article` [ RunTime:0.0006s ]
SQL: SELECT COUNT(*) AS tp_count FROM `article` WHERE ( ISDELETE='0' and title like '%%' and classid='1' ) LIMIT 1   [ RunTime:0.0001s ]
SQL: SELECT `ID`,`TITLE`,`CLASSID` FROM `article` WHERE ( ISDELETE=0 and title like '%%' and classid='1' ) ORDER BY uptime desc LIMIT 0,10   [ RunTime:0.0001s ]
INFO: [ view_parse ] --START--
INFO: [ template_filter ] --START--
INFO: Run Behavior\ContentReplaceBehavior [ RunTime:0.000062s ]
INFO: [ template_filter ] --END-- [ RunTime:0.000141s ]
INFO: Run Behavior\ParseTemplateBehavior [ RunTime:0.005014s ]
INFO: [ view_parse ] --END-- [ RunTime:0.005122s ]
INFO: [ view_filter ] --START--
INFO: Run Behavior\WriteHtmlCacheBehavior [ RunTime:0.000103s ]
INFO: [ view_filter ] --END-- [ RunTime:0.000171s ]
INFO: [ app_end ] --START--
INFO: Run Behavior\ShowPageTraceBehavior [ RunTime:0.000066s ]
INFO: [ app_end ] --END-- [ RunTime:0.000132s ]

[ 2016-08-12T21:14:28+08:00 ] 127.0.0.1 /yycmsfortp/admin.php/article/articlelist/classid/146796594858.html
INFO: [ app_init ] --START--
INFO: Run Behavior\BuildLiteBehavior [ RunTime:0.000018s ]
INFO: [ app_init ] --END-- [ RunTime:0.000128s ]
INFO: [ app_begin ] --START--
INFO: Run Behavior\ReadHtmlCacheBehavior [ RunTime:0.000055s ]
INFO: [ app_begin ] --END-- [ RunTime:0.000111s ]
SQL: SHOW COLUMNS FROM `article_classlist` [ RunTime:0.0006s ]
SQL: SELECT `ID`,`TITLE`,`PARENTID` FROM `article_classlist` WHERE ( id='146796594858' ) LIMIT 1   [ RunTime:0.0002s ]
SQL: SELECT `TITLE`,`ID` FROM `article_classlist` WHERE ( PARENTID='146796594858' )  [ RunTime:0.0001s ]
SQL: SHOW COLUMNS FROM `article` [ RunTime:0.0007s ]
SQL: SELECT COUNT(*) AS tp_count FROM `article` WHERE ( ISDELETE='0' and title like '%%' and classid='146796594858' ) LIMIT 1   [ RunTime:0.0003s ]
SQL: SELECT `ID`,`TITLE`,`CLASSID` FROM `article` WHERE ( ISDELETE=0 and title like '%%' and classid='146796594858' ) ORDER BY uptime desc LIMIT 0,10   [ RunTime:0.0003s ]
INFO: [ view_parse ] --START--
INFO: [ template_filter ] --START--
INFO: Run Behavior\ContentReplaceBehavior [ RunTime:0.000043s ]
INFO: [ template_filter ] --END-- [ RunTime:0.000104s ]
INFO: Run Behavior\ParseTemplateBehavior [ RunTime:0.003210s ]
INFO: [ view_parse ] --END-- [ RunTime:0.003268s ]
INFO: [ view_filter ] --START--
INFO: Run Behavior\WriteHtmlCacheBehavior [ RunTime:0.000063s ]
INFO: [ view_filter ] --END-- [ RunTime:0.000116s ]
INFO: [ app_end ] --START--
INFO: Run Behavior\ShowPageTraceBehavior [ RunTime:0.000057s ]
INFO: [ app_end ] --END-- [ RunTime:0.000111s ]

[ 2016-08-12T21:14:29+08:00 ] 127.0.0.1 /yycmsfortp/admin.php/articleclass/ArticleClassList.html
INFO: [ app_init ] --START--
INFO: Run Behavior\BuildLiteBehavior [ RunTime:0.000013s ]
INFO: [ app_init ] --END-- [ RunTime:0.000086s ]
INFO: [ app_begin ] --START--
INFO: Run Behavior\ReadHtmlCacheBehavior [ RunTime:0.000035s ]
INFO: [ app_begin ] --END-- [ RunTime:0.000075s ]
SQL: SHOW COLUMNS FROM `article_classlist` [ RunTime:0.0006s ]
SQL: SELECT COUNT(*) AS tp_count FROM `article_classlist` WHERE ( title like '%%' and parentid='-1' ) LIMIT 1   [ RunTime:0.0001s ]
SQL: SELECT `ID`,`TITLE`,`PARENTID` FROM `article_classlist` WHERE ( title like '%%' and parentid='-1' ) ORDER BY uptime desc LIMIT 0,10   [ RunTime:0.0001s ]
INFO: [ view_parse ] --START--
INFO: [ template_filter ] --START--
INFO: Run Behavior\ContentReplaceBehavior [ RunTime:0.000070s ]
INFO: [ template_filter ] --END-- [ RunTime:0.000154s ]
NOTIC: [8] Use of undefined constant id - assumed 'id' /home/youyuan1980/www/yycmsfortp/APP/Runtime/Cache/Admin/43c97ce36d2beacba8bc88ac9847e16b.php 第 52 行.
NOTIC: [8] Use of undefined constant parentid - assumed 'parentid' /home/youyuan1980/www/yycmsfortp/APP/Runtime/Cache/Admin/43c97ce36d2beacba8bc88ac9847e16b.php 第 52 行.
NOTIC: [8] Use of undefined constant id - assumed 'id' /home/youyuan1980/www/yycmsfortp/APP/Runtime/Cache/Admin/43c97ce36d2beacba8bc88ac9847e16b.php 第 52 行.
NOTIC: [8] Use of undefined constant id - assumed 'id' /home/youyuan1980/www/yycmsfortp/APP/Runtime/Cache/Admin/43c97ce36d2beacba8bc88ac9847e16b.php 第 52 行.
NOTIC: [8] Use of undefined constant parentid - assumed 'parentid' /home/youyuan1980/www/yycmsfortp/APP/Runtime/Cache/Admin/43c97ce36d2beacba8bc88ac9847e16b.php 第 52 行.
NOTIC: [8] Use of undefined constant id - assumed 'id' /home/youyuan1980/www/yycmsfortp/APP/Runtime/Cache/Admin/43c97ce36d2beacba8bc88ac9847e16b.php 第 52 行.
NOTIC: [8] Use of undefined constant id - assumed 'id' /home/youyuan1980/www/yycmsfortp/APP/Runtime/Cache/Admin/43c97ce36d2beacba8bc88ac9847e16b.php 第 52 行.
NOTIC: [8] Use of undefined constant parentid - assumed 'parentid' /home/youyuan1980/www/yycmsfortp/APP/Runtime/Cache/Admin/43c97ce36d2beacba8bc88ac9847e16b.php 第 52 行.
NOTIC: [8] Use of undefined constant id - assumed 'id' /home/youyuan1980/www/yycmsfortp/APP/Runtime/Cache/Admin/43c97ce36d2beacba8bc88ac9847e16b.php 第 52 行.
INFO: Run Behavior\ParseTemplateBehavior [ RunTime:0.005727s ]
INFO: [ view_parse ] --END-- [ RunTime:0.005785s ]
INFO: [ view_filter ] --START--
INFO: Run Behavior\WriteHtmlCacheBehavior [ RunTime:0.000065s ]
INFO: [ view_filter ] --END-- [ RunTime:0.000119s ]
INFO: [ app_end ] --START--
INFO: Run Behavior\ShowPageTraceBehavior [ RunTime:0.000053s ]
INFO: [ app_end ] --END-- [ RunTime:0.000110s ]

[ 2016-08-12T21:14:31+08:00 ] 127.0.0.1 /yycmsfortp/admin.php/articleclass/edit/id/1/pid/-1.html
INFO: [ app_init ] --START--
INFO: Run Behavior\BuildLiteBehavior [ RunTime:0.000013s ]
INFO: [ app_init ] --END-- [ RunTime:0.000092s ]
INFO: [ app_begin ] --START--
INFO: Run Behavior\ReadHtmlCacheBehavior [ RunTime:0.000056s ]
INFO: [ app_begin ] --END-- [ RunTime:0.000105s ]
SQL: SHOW COLUMNS FROM `article_classlist` [ RunTime:0.0005s ]
SQL: SELECT * FROM `article_classlist` WHERE ( id='1' ) LIMIT 1   [ RunTime:0.0002s ]
NOTIC: [8] Use of undefined constant id - assumed 'id' /home/youyuan1980/www/yycmsfortp/APP/Admin/Controller/ArticleclassController.class.php 第 65 行.
NOTIC: [8] Use of undefined constant title - assumed 'title' /home/youyuan1980/www/yycmsfortp/APP/Admin/Controller/ArticleclassController.class.php 第 66 行.
INFO: [ view_parse ] --START--
INFO: [ template_filter ] --START--
INFO: Run Behavior\ContentReplaceBehavior [ RunTime:0.000040s ]
INFO: [ template_filter ] --END-- [ RunTime:0.000082s ]
INFO: Run Behavior\ParseTemplateBehavior [ RunTime:0.002012s ]
INFO: [ view_parse ] --END-- [ RunTime:0.002057s ]
INFO: [ view_filter ] --START--
INFO: Run Behavior\WriteHtmlCacheBehavior [ RunTime:0.000043s ]
INFO: [ view_filter ] --END-- [ RunTime:0.000077s ]
INFO: [ app_end ] --START--
INFO: Run Behavior\ShowPageTraceBehavior [ RunTime:0.000039s ]
INFO: [ app_end ] --END-- [ RunTime:0.000074s ]

[ 2016-08-12T21:14:34+08:00 ] 127.0.0.1 /yycmsfortp/admin.php/articleclass/ArticleClassList.html
INFO: [ app_init ] --START--
INFO: Run Behavior\BuildLiteBehavior [ RunTime:0.000017s ]
INFO: [ app_init ] --END-- [ RunTime:0.000126s ]
INFO: [ app_begin ] --START--
INFO: Run Behavior\ReadHtmlCacheBehavior [ RunTime:0.000044s ]
INFO: [ app_begin ] --END-- [ RunTime:0.000090s ]
SQL: SHOW COLUMNS FROM `article_classlist` [ RunTime:0.0006s ]
SQL: SELECT COUNT(*) AS tp_count FROM `article_classlist` WHERE ( title like '%%' and parentid='-1' ) LIMIT 1   [ RunTime:0.0001s ]
SQL: SELECT `ID`,`TITLE`,`PARENTID` FROM `article_classlist` WHERE ( title like '%%' and parentid='-1' ) ORDER BY uptime desc LIMIT 0,10   [ RunTime:0.0001s ]
INFO: [ view_parse ] --START--
INFO: [ template_filter ] --START--
INFO: Run Behavior\ContentReplaceBehavior [ RunTime:0.000050s ]
INFO: [ template_filter ] --END-- [ RunTime:0.000111s ]
NOTIC: [8] Use of undefined constant id - assumed 'id' /home/youyuan1980/www/yycmsfortp/APP/Runtime/Cache/Admin/43c97ce36d2beacba8bc88ac9847e16b.php 第 52 行.
NOTIC: [8] Use of undefined constant parentid - assumed 'parentid' /home/youyuan1980/www/yycmsfortp/APP/Runtime/Cache/Admin/43c97ce36d2beacba8bc88ac9847e16b.php 第 52 行.
NOTIC: [8] Use of undefined constant id - assumed 'id' /home/youyuan1980/www/yycmsfortp/APP/Runtime/Cache/Admin/43c97ce36d2beacba8bc88ac9847e16b.php 第 52 行.
NOTIC: [8] Use of undefined constant id - assumed 'id' /home/youyuan1980/www/yycmsfortp/APP/Runtime/Cache/Admin/43c97ce36d2beacba8bc88ac9847e16b.php 第 52 行.
NOTIC: [8] Use of undefined constant parentid - assumed 'parentid' /home/youyuan1980/www/yycmsfortp/APP/Runtime/Cache/Admin/43c97ce36d2beacba8bc88ac9847e16b.php 第 52 行.
NOTIC: [8] Use of undefined constant id - assumed 'id' /home/youyuan1980/www/yycmsfortp/APP/Runtime/Cache/Admin/43c97ce36d2beacba8bc88ac9847e16b.php 第 52 行.
NOTIC: [8] Use of undefined constant id - assumed 'id' /home/youyuan1980/www/yycmsfortp/APP/Runtime/Cache/Admin/43c97ce36d2beacba8bc88ac9847e16b.php 第 52 行.
NOTIC: [8] Use of undefined constant parentid - assumed 'parentid' /home/youyuan1980/www/yycmsfortp/APP/Runtime/Cache/Admin/43c97ce36d2beacba8bc88ac9847e16b.php 第 52 行.
NOTIC: [8] Use of undefined constant id - assumed 'id' /home/youyuan1980/www/yycmsfortp/APP/Runtime/Cache/Admin/43c97ce36d2beacba8bc88ac9847e16b.php 第 52 行.
INFO: Run Behavior\ParseTemplateBehavior [ RunTime:0.004157s ]
INFO: [ view_parse ] --END-- [ RunTime:0.004198s ]
INFO: [ view_filter ] --START--
INFO: Run Behavior\WriteHtmlCacheBehavior [ RunTime:0.000050s ]
INFO: [ view_filter ] --END-- [ RunTime:0.000084s ]
INFO: [ app_end ] --START--
INFO: Run Behavior\ShowPageTraceBehavior [ RunTime:0.000039s ]
INFO: [ app_end ] --END-- [ RunTime:0.000074s ]

[ 2016-08-12T21:14:34+08:00 ] 127.0.0.1 /yycmsfortp/admin.php/Article/ArticleList.html
INFO: [ app_init ] --START--
INFO: Run Behavior\BuildLiteBehavior [ RunTime:0.000012s ]
INFO: [ app_init ] --END-- [ RunTime:0.000085s ]
INFO: [ app_begin ] --START--
INFO: Run Behavior\ReadHtmlCacheBehavior [ RunTime:0.000035s ]
INFO: [ app_begin ] --END-- [ RunTime:0.000075s ]
SQL: SHOW COLUMNS FROM `article_classlist` [ RunTime:0.0007s ]
SQL: SELECT `ID`,`TITLE`,`PARENTID` FROM `article_classlist` WHERE ( PARENTID='-1' ) LIMIT 1   [ RunTime:0.0001s ]
SQL: SELECT `TITLE`,`ID` FROM `article_classlist` WHERE ( PARENTID='-1' )  [ RunTime:0.0001s ]
SQL: SHOW COLUMNS FROM `article` [ RunTime:0.0009s ]
SQL: SELECT COUNT(*) AS tp_count FROM `article` WHERE ( ISDELETE='0' and title like '%%' and classid='1' ) LIMIT 1   [ RunTime:0.0001s ]
SQL: SELECT `ID`,`TITLE`,`CLASSID` FROM `article` WHERE ( ISDELETE=0 and title like '%%' and classid='1' ) ORDER BY uptime desc LIMIT 0,10   [ RunTime:0.0001s ]
INFO: [ view_parse ] --START--
INFO: [ template_filter ] --START--
INFO: Run Behavior\ContentReplaceBehavior [ RunTime:0.000046s ]
INFO: [ template_filter ] --END-- [ RunTime:0.000098s ]
INFO: Run Behavior\ParseTemplateBehavior [ RunTime:0.006103s ]
INFO: [ view_parse ] --END-- [ RunTime:0.006174s ]
INFO: [ view_filter ] --START--
INFO: Run Behavior\WriteHtmlCacheBehavior [ RunTime:0.000078s ]
INFO: [ view_filter ] --END-- [ RunTime:0.000124s ]
INFO: [ app_end ] --START--
INFO: Run Behavior\ShowPageTraceBehavior [ RunTime:0.000039s ]
INFO: [ app_end ] --END-- [ RunTime:0.000080s ]

[ 2016-08-12T21:14:42+08:00 ] 127.0.0.1 /yycmsfortp/admin.php
INFO: [ app_init ] --START--
INFO: Run Behavior\BuildLiteBehavior [ RunTime:0.000026s ]
INFO: [ app_init ] --END-- [ RunTime:0.000202s ]
INFO: [ app_begin ] --START--
INFO: Run Behavior\ReadHtmlCacheBehavior [ RunTime:0.000098s ]
INFO: [ app_begin ] --END-- [ RunTime:0.000195s ]
SQL: SHOW COLUMNS FROM `menu` [ RunTime:0.0009s ]
SQL: SELECT `id`,`name`,`pid`,`isparent`,`url` FROM `menu` WHERE ( roleid ='' or roleid in ( select roleid from userinrole where userid='admin') ) ORDER BY menuorder  [ RunTime:0.0002s ]
INFO: [ view_parse ] --START--
INFO: [ template_filter ] --START--
INFO: Run Behavior\ContentReplaceBehavior [ RunTime:0.000044s ]
INFO: [ template_filter ] --END-- [ RunTime:0.000094s ]
INFO: Run Behavior\ParseTemplateBehavior [ RunTime:0.002665s ]
INFO: [ view_parse ] --END-- [ RunTime:0.002724s ]
INFO: [ view_filter ] --START--
INFO: Run Behavior\WriteHtmlCacheBehavior [ RunTime:0.000056s ]
INFO: [ view_filter ] --END-- [ RunTime:0.000112s ]
INFO: [ app_end ] --START--
INFO: Run Behavior\ShowPageTraceBehavior [ RunTime:0.000046s ]
INFO: [ app_end ] --END-- [ RunTime:0.000082s ]

[ 2016-08-12T21:14:42+08:00 ] 127.0.0.1 /yycmsfortp/admin.php/user/main.html
INFO: [ app_init ] --START--
INFO: Run Behavior\BuildLiteBehavior [ RunTime:0.000013s ]
INFO: [ app_init ] --END-- [ RunTime:0.000086s ]
INFO: [ app_begin ] --START--
INFO: Run Behavior\ReadHtmlCacheBehavior [ RunTime:0.000036s ]
INFO: [ app_begin ] --END-- [ RunTime:0.000075s ]
SQL: SHOW COLUMNS FROM `userinrole` [ RunTime:0.0005s ]
SQL: SELECT `rolename` FROM `userinrole` INNER JOIN  roles on roles.roleid=userinrole.roleid  WHERE (  userid='admin' )  [ RunTime:0.0001s ]
INFO: [ view_parse ] --START--
INFO: [ template_filter ] --START--
INFO: Run Behavior\ContentReplaceBehavior [ RunTime:0.000039s ]
INFO: [ template_filter ] --END-- [ RunTime:0.000089s ]
INFO: Run Behavior\ParseTemplateBehavior [ RunTime:0.001853s ]
INFO: [ view_parse ] --END-- [ RunTime:0.001900s ]
INFO: [ view_filter ] --START--
INFO: Run Behavior\WriteHtmlCacheBehavior [ RunTime:0.000041s ]
INFO: [ view_filter ] --END-- [ RunTime:0.000074s ]
INFO: [ app_end ] --START--
INFO: Run Behavior\ShowPageTraceBehavior [ RunTime:0.000035s ]
INFO: [ app_end ] --END-- [ RunTime:0.000070s ]

[ 2016-08-12T21:14:42+08:00 ] 127.0.0.1 /yycmsfortp/admin.php/user/main.html
INFO: [ app_init ] --START--
INFO: Run Behavior\BuildLiteBehavior [ RunTime:0.000018s ]
INFO: [ app_init ] --END-- [ RunTime:0.000095s ]
INFO: [ app_begin ] --START--
INFO: Run Behavior\ReadHtmlCacheBehavior [ RunTime:0.000040s ]
INFO: [ app_begin ] --END-- [ RunTime:0.000085s ]
SQL: SHOW COLUMNS FROM `userinrole` [ RunTime:0.0007s ]
SQL: SELECT `rolename` FROM `userinrole` INNER JOIN  roles on roles.roleid=userinrole.roleid  WHERE (  userid='admin' )  [ RunTime:0.0001s ]
INFO: [ view_parse ] --START--
INFO: [ template_filter ] --START--
INFO: Run Behavior\ContentReplaceBehavior [ RunTime:0.000038s ]
INFO: [ template_filter ] --END-- [ RunTime:0.000084s ]
INFO: Run Behavior\ParseTemplateBehavior [ RunTime:0.001768s ]
INFO: [ view_parse ] --END-- [ RunTime:0.001814s ]
INFO: [ view_filter ] --START--
INFO: Run Behavior\WriteHtmlCacheBehavior [ RunTime:0.000038s ]
INFO: [ view_filter ] --END-- [ RunTime:0.000071s ]
INFO: [ app_end ] --START--
INFO: Run Behavior\ShowPageTraceBehavior [ RunTime:0.000034s ]
INFO: [ app_end ] --END-- [ RunTime:0.000069s ]

[ 2016-08-12T21:14:44+08:00 ] 127.0.0.1 /yycmsfortp/admin.php/Article/ArticleList.html
INFO: [ app_init ] --START--
INFO: Run Behavior\BuildLiteBehavior [ RunTime:0.000017s ]
INFO: [ app_init ] --END-- [ RunTime:0.000112s ]
INFO: [ app_begin ] --START--
INFO: Run Behavior\ReadHtmlCacheBehavior [ RunTime:0.000049s ]
INFO: [ app_begin ] --END-- [ RunTime:0.000103s ]
SQL: SHOW COLUMNS FROM `article_classlist` [ RunTime:0.0007s ]
SQL: SELECT `ID`,`TITLE`,`PARENTID` FROM `article_classlist` WHERE ( PARENTID='-1' ) LIMIT 1   [ RunTime:0.0001s ]
SQL: SELECT `TITLE`,`ID` FROM `article_classlist` WHERE ( PARENTID='-1' )  [ RunTime:0.0001s ]
SQL: SHOW COLUMNS FROM `article` [ RunTime:0.0008s ]
SQL: SELECT COUNT(*) AS tp_count FROM `article` WHERE ( ISDELETE='0' and title like '%%' and classid='1' ) LIMIT 1   [ RunTime:0.0001s ]
SQL: SELECT `ID`,`TITLE`,`CLASSID` FROM `article` WHERE ( ISDELETE=0 and title like '%%' and classid='1' ) ORDER BY uptime desc LIMIT 0,10   [ RunTime:0.0001s ]
ERR: 模板不存在:./APP/Admin/View/Article/articleList.html

[ 2016-08-12T21:14:54+08:00 ] 127.0.0.1 /yycmsfortp/admin.php
INFO: [ app_init ] --START--
INFO: Run Behavior\BuildLiteBehavior [ RunTime:0.000019s ]
INFO: [ app_init ] --END-- [ RunTime:0.000145s ]
INFO: [ app_begin ] --START--
INFO: Run Behavior\ReadHtmlCacheBehavior [ RunTime:0.000072s ]
INFO: [ app_begin ] --END-- [ RunTime:0.000138s ]
SQL: SHOW COLUMNS FROM `menu` [ RunTime:0.0010s ]
SQL: SELECT `id`,`name`,`pid`,`isparent`,`url` FROM `menu` WHERE ( roleid ='' or roleid in ( select roleid from userinrole where userid='admin') ) ORDER BY menuorder  [ RunTime:0.0001s ]
INFO: [ view_parse ] --START--
INFO: [ template_filter ] --START--
INFO: Run Behavior\ContentReplaceBehavior [ RunTime:0.000042s ]
INFO: [ template_filter ] --END-- [ RunTime:0.000083s ]
INFO: Run Behavior\ParseTemplateBehavior [ RunTime:0.001937s ]
INFO: [ view_parse ] --END-- [ RunTime:0.001979s ]
INFO: [ view_filter ] --START--
INFO: Run Behavior\WriteHtmlCacheBehavior [ RunTime:0.000041s ]
INFO: [ view_filter ] --END-- [ RunTime:0.000076s ]
INFO: [ app_end ] --START--
INFO: Run Behavior\ShowPageTraceBehavior [ RunTime:0.000041s ]
INFO: [ app_end ] --END-- [ RunTime:0.000076s ]

[ 2016-08-12T21:14:54+08:00 ] 127.0.0.1 /yycmsfortp/admin.php/user/main.html
INFO: [ app_init ] --START--
INFO: Run Behavior\BuildLiteBehavior [ RunTime:0.000014s ]
INFO: [ app_init ] --END-- [ RunTime:0.000099s ]
INFO: [ app_begin ] --START--
INFO: Run Behavior\ReadHtmlCacheBehavior [ RunTime:0.000037s ]
INFO: [ app_begin ] --END-- [ RunTime:0.000076s ]
SQL: SHOW COLUMNS FROM `userinrole` [ RunTime:0.0006s ]
SQL: SELECT `rolename` FROM `userinrole` INNER JOIN  roles on roles.roleid=userinrole.roleid  WHERE (  userid='admin' )  [ RunTime:0.0001s ]
INFO: [ view_parse ] --START--
INFO: [ template_filter ] --START--
INFO: Run Behavior\ContentReplaceBehavior [ RunTime:0.000037s ]
INFO: [ template_filter ] --END-- [ RunTime:0.000081s ]
INFO: Run Behavior\ParseTemplateBehavior [ RunTime:0.001808s ]
INFO: [ view_parse ] --END-- [ RunTime:0.001857s ]
INFO: [ view_filter ] --START--
INFO: Run Behavior\WriteHtmlCacheBehavior [ RunTime:0.000039s ]
INFO: [ view_filter ] --END-- [ RunTime:0.000073s ]
INFO: [ app_end ] --START--
INFO: Run Behavior\ShowPageTraceBehavior [ RunTime:0.000034s ]
INFO: [ app_end ] --END-- [ RunTime:0.000068s ]

[ 2016-08-12T21:14:54+08:00 ] 127.0.0.1 /yycmsfortp/admin.php/user/main.html
INFO: [ app_init ] --START--
INFO: Run Behavior\BuildLiteBehavior [ RunTime:0.000013s ]
INFO: [ app_init ] --END-- [ RunTime:0.000085s ]
INFO: [ app_begin ] --START--
INFO: Run Behavior\ReadHtmlCacheBehavior [ RunTime:0.000035s ]
INFO: [ app_begin ] --END-- [ RunTime:0.000074s ]
SQL: SHOW COLUMNS FROM `userinrole` [ RunTime:0.0006s ]
SQL: SELECT `rolename` FROM `userinrole` INNER JOIN  roles on roles.roleid=userinrole.roleid  WHERE (  userid='admin' )  [ RunTime:0.0001s ]
INFO: [ view_parse ] --START--
INFO: [ template_filter ] --START--
INFO: Run Behavior\ContentReplaceBehavior [ RunTime:0.000035s ]
INFO: [ template_filter ] --END-- [ RunTime:0.000075s ]
INFO: Run Behavior\ParseTemplateBehavior [ RunTime:0.001680s ]
INFO: [ view_parse ] --END-- [ RunTime:0.001728s ]
INFO: [ view_filter ] --START--
INFO: Run Behavior\WriteHtmlCacheBehavior [ RunTime:0.000037s ]
INFO: [ view_filter ] --END-- [ RunTime:0.000070s ]
INFO: [ app_end ] --START--
INFO: Run Behavior\ShowPageTraceBehavior [ RunTime:0.000034s ]
INFO: [ app_end ] --END-- [ RunTime:0.000068s ]

[ 2016-08-12T21:14:59+08:00 ] 127.0.0.1 /yycmsfortp/admin.php/user/main.html
INFO: [ app_init ] --START--
INFO: Run Behavior\BuildLiteBehavior [ RunTime:0.000022s ]
INFO: [ app_init ] --END-- [ RunTime:0.000172s ]
INFO: [ app_begin ] --START--
INFO: Run Behavior\ReadHtmlCacheBehavior [ RunTime:0.000065s ]
INFO: [ app_begin ] --END-- [ RunTime:0.000115s ]
SQL: SHOW COLUMNS FROM `userinrole` [ RunTime:0.0009s ]
SQL: SELECT `rolename` FROM `userinrole` INNER JOIN  roles on roles.roleid=userinrole.roleid  WHERE (  userid='admin' )  [ RunTime:0.0001s ]
INFO: [ view_parse ] --START--
INFO: [ template_filter ] --START--
INFO: Run Behavior\ContentReplaceBehavior [ RunTime:0.000053s ]
INFO: [ template_filter ] --END-- [ RunTime:0.000118s ]
INFO: Run Behavior\ParseTemplateBehavior [ RunTime:0.002934s ]
INFO: [ view_parse ] --END-- [ RunTime:0.003043s ]
INFO: [ view_filter ] --START--
INFO: Run Behavior\WriteHtmlCacheBehavior [ RunTime:0.000061s ]
INFO: [ view_filter ] --END-- [ RunTime:0.000104s ]
INFO: [ app_end ] --START--
INFO: Run Behavior\ShowPageTraceBehavior [ RunTime:0.000065s ]
INFO: [ app_end ] --END-- [ RunTime:0.000121s ]

[ 2016-08-12T21:15:24+08:00 ] 127.0.0.1 /yycmsfortp/admin.php
INFO: [ app_init ] --START--
INFO: Run Behavior\BuildLiteBehavior [ RunTime:0.000026s ]
INFO: [ app_init ] --END-- [ RunTime:0.000202s ]
INFO: [ app_begin ] --START--
INFO: Run Behavior\ReadHtmlCacheBehavior [ RunTime:0.000097s ]
INFO: [ app_begin ] --END-- [ RunTime:0.000218s ]
SQL: SHOW COLUMNS FROM `menu` [ RunTime:0.0007s ]
SQL: SELECT `id`,`name`,`pid`,`isparent`,`url` FROM `menu` WHERE ( roleid ='' or roleid in ( select roleid from userinrole where userid='admin') ) ORDER BY menuorder  [ RunTime:0.0005s ]
INFO: [ view_parse ] --START--
INFO: [ template_filter ] --START--
INFO: Run Behavior\ContentReplaceBehavior [ RunTime:0.000045s ]
INFO: [ template_filter ] --END-- [ RunTime:0.000092s ]
INFO: Run Behavior\ParseTemplateBehavior [ RunTime:0.002143s ]
INFO: [ view_parse ] --END-- [ RunTime:0.002193s ]
INFO: [ view_filter ] --START--
INFO: Run Behavior\WriteHtmlCacheBehavior [ RunTime:0.000078s ]
INFO: [ view_filter ] --END-- [ RunTime:0.000115s ]
INFO: [ app_end ] --START--
INFO: Run Behavior\ShowPageTraceBehavior [ RunTime:0.000045s ]
INFO: [ app_end ] --END-- [ RunTime:0.000081s ]

[ 2016-08-12T21:15:24+08:00 ] 127.0.0.1 /yycmsfortp/admin.php/user/main.html
INFO: [ app_init ] --START--
INFO: Run Behavior\BuildLiteBehavior [ RunTime:0.000013s ]
INFO: [ app_init ] --END-- [ RunTime:0.000085s ]
INFO: [ app_begin ] --START--
INFO: Run Behavior\ReadHtmlCacheBehavior [ RunTime:0.000037s ]
INFO: [ app_begin ] --END-- [ RunTime:0.000078s ]
SQL: SHOW COLUMNS FROM `userinrole` [ RunTime:0.0005s ]
SQL: SELECT `rolename` FROM `userinrole` INNER JOIN  roles on roles.roleid=userinrole.roleid  WHERE (  userid='admin' )  [ RunTime:0.0001s ]
INFO: [ view_parse ] --START--
INFO: [ template_filter ] --START--
INFO: Run Behavior\ContentReplaceBehavior [ RunTime:0.000054s ]
INFO: [ template_filter ] --END-- [ RunTime:0.000123s ]
INFO: Run Behavior\ParseTemplateBehavior [ RunTime:0.002636s ]
INFO: [ view_parse ] --END-- [ RunTime:0.002726s ]
INFO: [ view_filter ] --START--
INFO: Run Behavior\WriteHtmlCacheBehavior [ RunTime:0.000051s ]
INFO: [ view_filter ] --END-- [ RunTime:0.000115s ]
INFO: [ app_end ] --START--
INFO: Run Behavior\ShowPageTraceBehavior [ RunTime:0.000116s ]
INFO: [ app_end ] --END-- [ RunTime:0.000250s ]

[ 2016-08-12T21:15:24+08:00 ] 127.0.0.1 /yycmsfortp/admin.php/user/main.html
INFO: [ app_init ] --START--
INFO: Run Behavior\BuildLiteBehavior [ RunTime:0.000018s ]
INFO: [ app_init ] --END-- [ RunTime:0.000123s ]
INFO: [ app_begin ] --START--
INFO: Run Behavior\ReadHtmlCacheBehavior [ RunTime:0.000058s ]
INFO: [ app_begin ] --END-- [ RunTime:0.000120s ]
SQL: SHOW COLUMNS FROM `userinrole` [ RunTime:0.0006s ]
SQL: SELECT `rolename` FROM `userinrole` INNER JOIN  roles on roles.roleid=userinrole.roleid  WHERE (  userid='admin' )  [ RunTime:0.0001s ]
INFO: [ view_parse ] --START--
INFO: [ template_filter ] --START--
INFO: Run Behavior\ContentReplaceBehavior [ RunTime:0.000050s ]
INFO: [ template_filter ] --END-- [ RunTime:0.000109s ]
INFO: Run Behavior\ParseTemplateBehavior [ RunTime:0.002505s ]
INFO: [ view_parse ] --END-- [ RunTime:0.002626s ]
INFO: [ view_filter ] --START--
INFO: Run Behavior\WriteHtmlCacheBehavior [ RunTime:0.000046s ]
INFO: [ view_filter ] --END-- [ RunTime:0.000097s ]
INFO: [ app_end ] --START--
INFO: Run Behavior\ShowPageTraceBehavior [ RunTime:0.000048s ]
INFO: [ app_end ] --END-- [ RunTime:0.000102s ]

[ 2016-08-12T21:15:26+08:00 ] 127.0.0.1 /yycmsfortp/admin.php/User/userlist.html
INFO: [ app_init ] --START--
INFO: Run Behavior\BuildLiteBehavior [ RunTime:0.000026s ]
INFO: [ app_init ] --END-- [ RunTime:0.000176s ]
INFO: [ app_begin ] --START--
INFO: Run Behavior\ReadHtmlCacheBehavior [ RunTime:0.000082s ]
INFO: [ app_begin ] --END-- [ RunTime:0.000181s ]
SQL: SHOW COLUMNS FROM `users` [ RunTime:0.0011s ]
SQL: SELECT COUNT(*) AS tp_count FROM `users` WHERE ( username like '%%' or userid like '%%' ) LIMIT 1   [ RunTime:0.0002s ]
SQL: SELECT * FROM `users` WHERE ( username like '%%' or userid like '%%' ) ORDER BY uptime desc LIMIT 0,10   [ RunTime:0.0002s ]
INFO: [ view_parse ] --START--
INFO: [ template_filter ] --START--
INFO: Run Behavior\ContentReplaceBehavior [ RunTime:0.000095s ]
INFO: [ template_filter ] --END-- [ RunTime:0.000209s ]
NOTIC: [8] Use of undefined constant userid - assumed 'userid' /home/youyuan1980/www/yycmsfortp/APP/Runtime/Cache/Admin/756474a72393300b348313b32f7cb5c9.php 第 65 行.
NOTIC: [8] Use of undefined constant userid - assumed 'userid' /home/youyuan1980/www/yycmsfortp/APP/Runtime/Cache/Admin/756474a72393300b348313b32f7cb5c9.php 第 65 行.
NOTIC: [8] Use of undefined constant userid - assumed 'userid' /home/youyuan1980/www/yycmsfortp/APP/Runtime/Cache/Admin/756474a72393300b348313b32f7cb5c9.php 第 65 行.
NOTIC: [8] Use of undefined constant userid - assumed 'userid' /home/youyuan1980/www/yycmsfortp/APP/Runtime/Cache/Admin/756474a72393300b348313b32f7cb5c9.php 第 65 行.
NOTIC: [8] Use of undefined constant userid - assumed 'userid' /home/youyuan1980/www/yycmsfortp/APP/Runtime/Cache/Admin/756474a72393300b348313b32f7cb5c9.php 第 65 行.
NOTIC: [8] Use of undefined constant userid - assumed 'userid' /home/youyuan1980/www/yycmsfortp/APP/Runtime/Cache/Admin/756474a72393300b348313b32f7cb5c9.php 第 65 行.
NOTIC: [8] Use of undefined constant userid - assumed 'userid' /home/youyuan1980/www/yycmsfortp/APP/Runtime/Cache/Admin/756474a72393300b348313b32f7cb5c9.php 第 65 行.
NOTIC: [8] Use of undefined constant userid - assumed 'userid' /home/youyuan1980/www/yycmsfortp/APP/Runtime/Cache/Admin/756474a72393300b348313b32f7cb5c9.php 第 65 行.
NOTIC: [8] Use of undefined constant userid - assumed 'userid' /home/youyuan1980/www/yycmsfortp/APP/Runtime/Cache/Admin/756474a72393300b348313b32f7cb5c9.php 第 65 行.
INFO: Run Behavior\ParseTemplateBehavior [ RunTime:0.008440s ]
INFO: [ view_parse ] --END-- [ RunTime:0.008512s ]
INFO: [ view_filter ] --START--
INFO: Run Behavior\WriteHtmlCacheBehavior [ RunTime:0.000053s ]
INFO: [ view_filter ] --END-- [ RunTime:0.000091s ]
INFO: [ app_end ] --START--
INFO: Run Behavior\ShowPageTraceBehavior [ RunTime:0.000039s ]
INFO: [ app_end ] --END-- [ RunTime:0.000080s ]

[ 2016-08-12T21:15:30+08:00 ] 127.0.0.1 /yycmsfortp/admin.php/articleclass/ArticleClassList.html
INFO: [ app_init ] --START--
INFO: Run Behavior\BuildLiteBehavior [ RunTime:0.000026s ]
INFO: [ app_init ] --END-- [ RunTime:0.000199s ]
INFO: [ app_begin ] --START--
INFO: Run Behavior\ReadHtmlCacheBehavior [ RunTime:0.000098s ]
INFO: [ app_begin ] --END-- [ RunTime:0.000294s ]
SQL: SHOW COLUMNS FROM `article_classlist` [ RunTime:0.0006s ]
SQL: SELECT COUNT(*) AS tp_count FROM `article_classlist` WHERE ( title like '%%' and parentid='-1' ) LIMIT 1   [ RunTime:0.0002s ]
SQL: SELECT `ID`,`TITLE`,`PARENTID` FROM `article_classlist` WHERE ( title like '%%' and parentid='-1' ) ORDER BY uptime desc LIMIT 0,10   [ RunTime:0.0002s ]
INFO: [ view_parse ] --START--
INFO: [ template_filter ] --START--
INFO: Run Behavior\ContentReplaceBehavior [ RunTime:0.000065s ]
INFO: [ template_filter ] --END-- [ RunTime:0.000130s ]
NOTIC: [8] Use of undefined constant id - assumed 'id' /home/youyuan1980/www/yycmsfortp/APP/Runtime/Cache/Admin/43c97ce36d2beacba8bc88ac9847e16b.php 第 52 行.
NOTIC: [8] Use of undefined constant parentid - assumed 'parentid' /home/youyuan1980/www/yycmsfortp/APP/Runtime/Cache/Admin/43c97ce36d2beacba8bc88ac9847e16b.php 第 52 行.
NOTIC: [8] Use of undefined constant id - assumed 'id' /home/youyuan1980/www/yycmsfortp/APP/Runtime/Cache/Admin/43c97ce36d2beacba8bc88ac9847e16b.php 第 52 行.
NOTIC: [8] Use of undefined constant id - assumed 'id' /home/youyuan1980/www/yycmsfortp/APP/Runtime/Cache/Admin/43c97ce36d2beacba8bc88ac9847e16b.php 第 52 行.
NOTIC: [8] Use of undefined constant parentid - assumed 'parentid' /home/youyuan1980/www/yycmsfortp/APP/Runtime/Cache/Admin/43c97ce36d2beacba8bc88ac9847e16b.php 第 52 行.
NOTIC: [8] Use of undefined constant id - assumed 'id' /home/youyuan1980/www/yycmsfortp/APP/Runtime/Cache/Admin/43c97ce36d2beacba8bc88ac9847e16b.php 第 52 行.
NOTIC: [8] Use of undefined constant id - assumed 'id' /home/youyuan1980/www/yycmsfortp/APP/Runtime/Cache/Admin/43c97ce36d2beacba8bc88ac9847e16b.php 第 52 行.
NOTIC: [8] Use of undefined constant parentid - assumed 'parentid' /home/youyuan1980/www/yycmsfortp/APP/Runtime/Cache/Admin/43c97ce36d2beacba8bc88ac9847e16b.php 第 52 行.
NOTIC: [8] Use of undefined constant id - assumed 'id' /home/youyuan1980/www/yycmsfortp/APP/Runtime/Cache/Admin/43c97ce36d2beacba8bc88ac9847e16b.php 第 52 行.
INFO: Run Behavior\ParseTemplateBehavior [ RunTime:0.006769s ]
INFO: [ view_parse ] --END-- [ RunTime:0.006854s ]
INFO: [ view_filter ] --START--
INFO: Run Behavior\WriteHtmlCacheBehavior [ RunTime:0.000078s ]
INFO: [ view_filter ] --END-- [ RunTime:0.000138s ]
INFO: [ app_end ] --START--
INFO: Run Behavior\ShowPageTraceBehavior [ RunTime:0.000065s ]
INFO: [ app_end ] --END-- [ RunTime:0.000126s ]

[ 2016-08-12T21:15:31+08:00 ] 127.0.0.1 /yycmsfortp/admin.php/Article/ArticleList.html
INFO: [ app_init ] --START--
INFO: Run Behavior\BuildLiteBehavior [ RunTime:0.000017s ]
INFO: [ app_init ] --END-- [ RunTime:0.000118s ]
INFO: [ app_begin ] --START--
INFO: Run Behavior\ReadHtmlCacheBehavior [ RunTime:0.000056s ]
INFO: [ app_begin ] --END-- [ RunTime:0.000115s ]
SQL: SHOW COLUMNS FROM `article_classlist` [ RunTime:0.0007s ]
SQL: SELECT `ID`,`TITLE`,`PARENTID` FROM `article_classlist` WHERE ( PARENTID='-1' ) LIMIT 1   [ RunTime:0.0001s ]
SQL: SELECT `TITLE`,`ID` FROM `article_classlist` WHERE ( PARENTID='-1' )  [ RunTime:0.0001s ]
SQL: SHOW COLUMNS FROM `article` [ RunTime:0.0009s ]
SQL: SELECT COUNT(*) AS tp_count FROM `article` WHERE ( ISDELETE='0' and title like '%%' and classid='1' ) LIMIT 1   [ RunTime:0.0001s ]
SQL: SELECT `ID`,`TITLE`,`CLASSID` FROM `article` WHERE ( ISDELETE=0 and title like '%%' and classid='1' ) ORDER BY uptime desc LIMIT 0,10   [ RunTime:0.0001s ]
ERR: 模板不存在:./APP/Admin/View/Article/articleList.html

[ 2016-08-12T21:15:33+08:00 ] 127.0.0.1 /yycmsfortp/admin.php/user/updpwd.html
INFO: [ app_init ] --START--
INFO: Run Behavior\BuildLiteBehavior [ RunTime:0.000019s ]
INFO: [ app_init ] --END-- [ RunTime:0.000131s ]
INFO: [ app_begin ] --START--
INFO: Run Behavior\ReadHtmlCacheBehavior [ RunTime:0.000060s ]
INFO: [ app_begin ] --END-- [ RunTime:0.000119s ]
INFO: [ view_parse ] --START--
INFO: [ template_filter ] --START--
INFO: Run Behavior\ContentReplaceBehavior [ RunTime:0.000060s ]
INFO: [ template_filter ] --END-- [ RunTime:0.000139s ]
INFO: Run Behavior\ParseTemplateBehavior [ RunTime:0.002980s ]
INFO: [ view_parse ] --END-- [ RunTime:0.003040s ]
INFO: [ view_filter ] --START--
INFO: Run Behavior\WriteHtmlCacheBehavior [ RunTime:0.000069s ]
INFO: [ view_filter ] --END-- [ RunTime:0.000120s ]
INFO: [ app_end ] --START--
INFO: Run Behavior\ShowPageTraceBehavior [ RunTime:0.000058s ]
INFO: [ app_end ] --END-- [ RunTime:0.000113s ]

[ 2016-08-12T21:15:34+08:00 ] 127.0.0.1 /yycmsfortp/admin.php/user/main.html
INFO: [ app_init ] --START--
INFO: Run Behavior\BuildLiteBehavior [ RunTime:0.000017s ]
INFO: [ app_init ] --END-- [ RunTime:0.000116s ]
INFO: [ app_begin ] --START--
INFO: Run Behavior\ReadHtmlCacheBehavior [ RunTime:0.000050s ]
INFO: [ app_begin ] --END-- [ RunTime:0.000106s ]
SQL: SHOW COLUMNS FROM `userinrole` [ RunTime:0.0007s ]
SQL: SELECT `rolename` FROM `userinrole` INNER JOIN  roles on roles.roleid=userinrole.roleid  WHERE (  userid='admin' )  [ RunTime:0.0001s ]
INFO: [ view_parse ] --START--
INFO: [ template_filter ] --START--
INFO: Run Behavior\ContentReplaceBehavior [ RunTime:0.000036s ]
INFO: [ template_filter ] --END-- [ RunTime:0.000079s ]
INFO: Run Behavior\ParseTemplateBehavior [ RunTime:0.001710s ]
INFO: [ view_parse ] --END-- [ RunTime:0.001755s ]
INFO: [ view_filter ] --START--
INFO: Run Behavior\WriteHtmlCacheBehavior [ RunTime:0.000035s ]
INFO: [ view_filter ] --END-- [ RunTime:0.000069s ]
INFO: [ app_end ] --START--
INFO: Run Behavior\ShowPageTraceBehavior [ RunTime:0.000034s ]
INFO: [ app_end ] --END-- [ RunTime:0.000068s ]

[ 2016-08-12T21:15:36+08:00 ] 127.0.0.1 /yycmsfortp/admin.php/Article/ArticleList.html
INFO: [ app_init ] --START--
INFO: Run Behavior\BuildLiteBehavior [ RunTime:0.000013s ]
INFO: [ app_init ] --END-- [ RunTime:0.000093s ]
INFO: [ app_begin ] --START--
INFO: Run Behavior\ReadHtmlCacheBehavior [ RunTime:0.000040s ]
INFO: [ app_begin ] --END-- [ RunTime:0.000079s ]
SQL: SHOW COLUMNS FROM `article_classlist` [ RunTime:0.0005s ]
SQL: SELECT `ID`,`TITLE`,`PARENTID` FROM `article_classlist` WHERE ( PARENTID='-1' ) LIMIT 1   [ RunTime:0.0001s ]
SQL: SELECT `TITLE`,`ID` FROM `article_classlist` WHERE ( PARENTID='-1' )  [ RunTime:0.0001s ]
SQL: SHOW COLUMNS FROM `article` [ RunTime:0.0005s ]
SQL: SELECT COUNT(*) AS tp_count FROM `article` WHERE ( ISDELETE='0' and title like '%%' and classid='1' ) LIMIT 1   [ RunTime:0.0001s ]
SQL: SELECT `ID`,`TITLE`,`CLASSID` FROM `article` WHERE ( ISDELETE=0 and title like '%%' and classid='1' ) ORDER BY uptime desc LIMIT 0,10   [ RunTime:0.0001s ]
ERR: 模板不存在:./APP/Admin/View/Article/articleList.html

[ 2016-08-12T21:15:47+08:00 ] 127.0.0.1 /yycmsfortp/admin.php/Article/ArticleList.html
INFO: [ app_init ] --START--
INFO: Run Behavior\BuildLiteBehavior [ RunTime:0.000025s ]
INFO: [ app_init ] --END-- [ RunTime:0.000185s ]
INFO: [ app_begin ] --START--
INFO: Run Behavior\ReadHtmlCacheBehavior [ RunTime:0.000073s ]
INFO: [ app_begin ] --END-- [ RunTime:0.000123s ]
SQL: SHOW COLUMNS FROM `article_classlist` [ RunTime:0.0007s ]
SQL: SELECT `ID`,`TITLE`,`PARENTID` FROM `article_classlist` WHERE ( PARENTID='-1' ) LIMIT 1   [ RunTime:0.0002s ]
SQL: SELECT `TITLE`,`ID` FROM `article_classlist` WHERE ( PARENTID='-1' )  [ RunTime:0.0001s ]
SQL: SHOW COLUMNS FROM `article` [ RunTime:0.0007s ]
SQL: SELECT COUNT(*) AS tp_count FROM `article` WHERE ( ISDELETE='0' and title like '%%' and classid='1' ) LIMIT 1   [ RunTime:0.0001s ]
SQL: SELECT `ID`,`TITLE`,`CLASSID` FROM `article` WHERE ( ISDELETE=0 and title like '%%' and classid='1' ) ORDER BY uptime desc LIMIT 0,10   [ RunTime:0.0001s ]
INFO: [ view_parse ] --START--
INFO: [ template_filter ] --START--
INFO: Run Behavior\ContentReplaceBehavior [ RunTime:0.000067s ]
INFO: [ template_filter ] --END-- [ RunTime:0.000138s ]
INFO: Run Behavior\ParseTemplateBehavior [ RunTime:0.005592s ]
INFO: [ view_parse ] --END-- [ RunTime:0.005680s ]
INFO: [ view_filter ] --START--
INFO: Run Behavior\WriteHtmlCacheBehavior [ RunTime:0.000066s ]
INFO: [ view_filter ] --END-- [ RunTime:0.000112s ]
INFO: [ app_end ] --START--
INFO: Run Behavior\ShowPageTraceBehavior [ RunTime:0.000064s ]
INFO: [ app_end ] --END-- [ RunTime:0.000112s ]

[ 2016-08-12T21:15:49+08:00 ] 127.0.0.1 /yycmsfortp/admin.php/article/add/class/1.html
INFO: [ app_init ] --START--
INFO: Run Behavior\BuildLiteBehavior [ RunTime:0.000013s ]
INFO: [ app_init ] --END-- [ RunTime:0.000084s ]
INFO: [ app_begin ] --START--
INFO: Run Behavior\ReadHtmlCacheBehavior [ RunTime:0.000037s ]
INFO: [ app_begin ] --END-- [ RunTime:0.000076s ]
SQL: SHOW COLUMNS FROM `article` [ RunTime:0.0007s ]
SQL: SHOW COLUMNS FROM `article_classlist` [ RunTime:0.0004s ]
SQL: SELECT * FROM `article_classlist` WHERE ( ID='1' ) LIMIT 1   [ RunTime:0.0002s ]
ERR: 模板不存在:./APP/Admin/View/Article/articleedit.html

[ 2016-08-12T21:19:11+08:00 ] 127.0.0.1 /yycmsfortp/admin.php/Article/ArticleList.html
INFO: [ app_init ] --START--
INFO: Run Behavior\BuildLiteBehavior [ RunTime:0.000013s ]
INFO: [ app_init ] --END-- [ RunTime:0.000101s ]
INFO: [ app_begin ] --START--
INFO: Run Behavior\ReadHtmlCacheBehavior [ RunTime:0.000064s ]
INFO: [ app_begin ] --END-- [ RunTime:0.000126s ]
SQL: SHOW COLUMNS FROM `article_classlist` [ RunTime:0.0011s ]
SQL: SELECT `ID`,`TITLE`,`PARENTID` FROM `article_classlist` WHERE ( PARENTID='-1' ) LIMIT 1   [ RunTime:0.0002s ]
SQL: SELECT `TITLE`,`ID` FROM `article_classlist` WHERE ( PARENTID='-1' )  [ RunTime:0.0001s ]
SQL: SHOW COLUMNS FROM `article` [ RunTime:0.0007s ]
SQL: SELECT COUNT(*) AS tp_count FROM `article` WHERE ( ISDELETE='0' and title like '%%' and classid='1' ) LIMIT 1   [ RunTime:0.0001s ]
SQL: SELECT `ID`,`TITLE`,`CLASSID` FROM `article` WHERE ( ISDELETE=0 and title like '%%' and classid='1' ) ORDER BY uptime desc LIMIT 0,10   [ RunTime:0.0001s ]
INFO: [ view_parse ] --START--
INFO: [ template_filter ] --START--
INFO: Run Behavior\ContentReplaceBehavior [ RunTime:0.000073s ]
INFO: [ template_filter ] --END-- [ RunTime:0.000164s ]
INFO: Run Behavior\ParseTemplateBehavior [ RunTime:0.005079s ]
INFO: [ view_parse ] --END-- [ RunTime:0.005139s ]
INFO: [ view_filter ] --START--
INFO: Run Behavior\WriteHtmlCacheBehavior [ RunTime:0.000057s ]
INFO: [ view_filter ] --END-- [ RunTime:0.000096s ]
INFO: [ app_end ] --START--
INFO: Run Behavior\ShowPageTraceBehavior [ RunTime:0.000046s ]
INFO: [ app_end ] --END-- [ RunTime:0.000086s ]

[ 2016-08-12T21:19:13+08:00 ] 127.0.0.1 /yycmsfortp/admin.php/articleclass/ArticleClassList.html
INFO: [ app_init ] --START--
INFO: Run Behavior\BuildLiteBehavior [ RunTime:0.000017s ]
INFO: [ app_init ] --END-- [ RunTime:0.000111s ]
INFO: [ app_begin ] --START--
INFO: Run Behavior\ReadHtmlCacheBehavior [ RunTime:0.000047s ]
INFO: [ app_begin ] --END-- [ RunTime:0.000101s ]
SQL: SHOW COLUMNS FROM `article_classlist` [ RunTime:0.0012s ]
SQL: SELECT COUNT(*) AS tp_count FROM `article_classlist` WHERE ( title like '%%' and parentid='-1' ) LIMIT 1   [ RunTime:0.0002s ]
SQL: SELECT `ID`,`TITLE`,`PARENTID` FROM `article_classlist` WHERE ( title like '%%' and parentid='-1' ) ORDER BY uptime desc LIMIT 0,10   [ RunTime:0.0001s ]
INFO: [ view_parse ] --START--
INFO: [ template_filter ] --START--
INFO: Run Behavior\ContentReplaceBehavior [ RunTime:0.000066s ]
INFO: [ template_filter ] --END-- [ RunTime:0.000147s ]
NOTIC: [8] Use of undefined constant id - assumed 'id' /home/youyuan1980/www/yycmsfortp/APP/Runtime/Cache/Admin/43c97ce36d2beacba8bc88ac9847e16b.php 第 52 行.
NOTIC: [8] Use of undefined constant parentid - assumed 'parentid' /home/youyuan1980/www/yycmsfortp/APP/Runtime/Cache/Admin/43c97ce36d2beacba8bc88ac9847e16b.php 第 52 行.
NOTIC: [8] Use of undefined constant id - assumed 'id' /home/youyuan1980/www/yycmsfortp/APP/Runtime/Cache/Admin/43c97ce36d2beacba8bc88ac9847e16b.php 第 52 行.
NOTIC: [8] Use of undefined constant id - assumed 'id' /home/youyuan1980/www/yycmsfortp/APP/Runtime/Cache/Admin/43c97ce36d2beacba8bc88ac9847e16b.php 第 52 行.
NOTIC: [8] Use of undefined constant parentid - assumed 'parentid' /home/youyuan1980/www/yycmsfortp/APP/Runtime/Cache/Admin/43c97ce36d2beacba8bc88ac9847e16b.php 第 52 行.
NOTIC: [8] Use of undefined constant id - assumed 'id' /home/youyuan1980/www/yycmsfortp/APP/Runtime/Cache/Admin/43c97ce36d2beacba8bc88ac9847e16b.php 第 52 行.
NOTIC: [8] Use of undefined constant id - assumed 'id' /home/youyuan1980/www/yycmsfortp/APP/Runtime/Cache/Admin/43c97ce36d2beacba8bc88ac9847e16b.php 第 52 行.
NOTIC: [8] Use of undefined constant parentid - assumed 'parentid' /home/youyuan1980/www/yycmsfortp/APP/Runtime/Cache/Admin/43c97ce36d2beacba8bc88ac9847e16b.php 第 52 行.
NOTIC: [8] Use of undefined constant id - assumed 'id' /home/youyuan1980/www/yycmsfortp/APP/Runtime/Cache/Admin/43c97ce36d2beacba8bc88ac9847e16b.php 第 52 行.
INFO: Run Behavior\ParseTemplateBehavior [ RunTime:0.005636s ]
INFO: [ view_parse ] --END-- [ RunTime:0.005703s ]
INFO: [ view_filter ] --START--
INFO: Run Behavior\WriteHtmlCacheBehavior [ RunTime:0.000067s ]
INFO: [ view_filter ] --END-- [ RunTime:0.000117s ]
INFO: [ app_end ] --START--
INFO: Run Behavior\ShowPageTraceBehavior [ RunTime:0.000048s ]
INFO: [ app_end ] --END-- [ RunTime:0.000099s ]

[ 2016-08-12T21:19:15+08:00 ] 127.0.0.1 /yycmsfortp/admin.php/Article/ArticleList.html
INFO: [ app_init ] --START--
INFO: Run Behavior\BuildLiteBehavior [ RunTime:0.000025s ]
INFO: [ app_init ] --END-- [ RunTime:0.000194s ]
INFO: [ app_begin ] --START--
INFO: Run Behavior\ReadHtmlCacheBehavior [ RunTime:0.000094s ]
INFO: [ app_begin ] --END-- [ RunTime:0.000207s ]
SQL: SHOW COLUMNS FROM `article_classlist` [ RunTime:0.0006s ]
SQL: SELECT `ID`,`TITLE`,`PARENTID` FROM `article_classlist` WHERE ( PARENTID='-1' ) LIMIT 1   [ RunTime:0.0001s ]
SQL: SELECT `TITLE`,`ID` FROM `article_classlist` WHERE ( PARENTID='-1' )  [ RunTime:0.0001s ]
SQL: SHOW COLUMNS FROM `article` [ RunTime:0.0009s ]
SQL: SELECT COUNT(*) AS tp_count FROM `article` WHERE ( ISDELETE='0' and title like '%%' and classid='1' ) LIMIT 1   [ RunTime:0.0001s ]
SQL: SELECT `ID`,`TITLE`,`CLASSID` FROM `article` WHERE ( ISDELETE=0 and title like '%%' and classid='1' ) ORDER BY uptime desc LIMIT 0,10   [ RunTime:0.0001s ]
INFO: [ view_parse ] --START--
INFO: [ template_filter ] --START--
INFO: Run Behavior\ContentReplaceBehavior [ RunTime:0.000060s ]
INFO: [ template_filter ] --END-- [ RunTime:0.000128s ]
INFO: Run Behavior\ParseTemplateBehavior [ RunTime:0.004331s ]
INFO: [ view_parse ] --END-- [ RunTime:0.004397s ]
INFO: [ view_filter ] --START--
INFO: Run Behavior\WriteHtmlCacheBehavior [ RunTime:0.000070s ]
INFO: [ view_filter ] --END-- [ RunTime:0.000120s ]
INFO: [ app_end ] --START--
INFO: Run Behavior\ShowPageTraceBehavior [ RunTime:0.000054s ]
INFO: [ app_end ] --END-- [ RunTime:0.000103s ]

