[ 2016-08-09T13:56:53+08:00 ] 127.0.0.1 /yycmsfortp/admin.php
INFO: [ app_init ] --START--
INFO: Run Behavior\BuildLiteBehavior [ RunTime:0.000028s ]
INFO: [ app_init ] --END-- [ RunTime:0.013790s ]
INFO: [ app_begin ] --START--
INFO: Run Behavior\ReadHtmlCacheBehavior [ RunTime:0.003592s ]
INFO: [ app_begin ] --END-- [ RunTime:0.003677s ]
INFO: [ view_parse ] --START--
INFO: [ template_filter ] --START--
INFO: Run Behavior\ContentReplaceBehavior [ RunTime:0.000063s ]
INFO: [ template_filter ] --END-- [ RunTime:0.000151s ]
INFO: Run Behavior\ParseTemplateBehavior [ RunTime:0.024300s ]
INFO: [ view_parse ] --END-- [ RunTime:0.024561s ]
INFO: [ view_filter ] --START--
INFO: Run Behavior\WriteHtmlCacheBehavior [ RunTime:0.001851s ]
INFO: [ view_filter ] --END-- [ RunTime:0.001916s ]

[ 2016-08-09T13:56:56+08:00 ] 127.0.0.1 /yycmsfortp/admin.php/login/login.html
INFO: [ app_init ] --START--
INFO: Run Behavior\BuildLiteBehavior [ RunTime:0.000029s ]
INFO: [ app_init ] --END-- [ RunTime:0.000780s ]
INFO: [ app_begin ] --START--
INFO: Run Behavior\ReadHtmlCacheBehavior [ RunTime:0.000848s ]
INFO: [ app_begin ] --END-- [ RunTime:0.000927s ]
INFO: [ view_parse ] --START--
INFO: [ template_filter ] --START--
INFO: Run Behavior\ContentReplaceBehavior [ RunTime:0.000058s ]
INFO: [ template_filter ] --END-- [ RunTime:0.000141s ]
INFO: Run Behavior\ParseTemplateBehavior [ RunTime:0.009065s ]
INFO: [ view_parse ] --END-- [ RunTime:0.009144s ]
INFO: [ view_filter ] --START--
INFO: Run Behavior\WriteHtmlCacheBehavior [ RunTime:0.000547s ]
INFO: [ view_filter ] --END-- [ RunTime:0.000610s ]
INFO: [ app_end ] --START--
INFO: Run Behavior\ShowPageTraceBehavior [ RunTime:0.003058s ]
INFO: [ app_end ] --END-- [ RunTime:0.003127s ]

[ 2016-08-09T13:57:12+08:00 ] 127.0.0.1 /yycmsfortp/admin.php/login/dologin.html
INFO: [ app_init ] --START--
INFO: Run Behavior\BuildLiteBehavior [ RunTime:0.000027s ]
INFO: [ app_init ] --END-- [ RunTime:0.000955s ]
INFO: [ app_begin ] --START--
INFO: Run Behavior\ReadHtmlCacheBehavior [ RunTime:0.001095s ]
INFO: [ app_begin ] --END-- [ RunTime:0.001192s ]
SQL: SHOW COLUMNS FROM `users` [ RunTime:0.0235s ]
SQL: SELECT COUNT(*) AS tp_count FROM `users` WHERE ( userid='admin' ) LIMIT 1   [ RunTime:0.0121s ]
SQL: SELECT `userid`,`userpassword` FROM `users` WHERE ( userid='admin' ) LIMIT 1   [ RunTime:0.0009s ]
SQL: SELECT * FROM `users` WHERE ( userid='admin' ) LIMIT 1   [ RunTime:0.0004s ]
INFO: [ view_parse ] --START--
INFO: [ template_filter ] --START--
INFO: Run Behavior\ContentReplaceBehavior [ RunTime:0.000062s ]
INFO: [ template_filter ] --END-- [ RunTime:0.000134s ]
INFO: Run Behavior\ParseTemplateBehavior [ RunTime:0.009515s ]
INFO: [ view_parse ] --END-- [ RunTime:0.009599s ]
INFO: [ view_filter ] --START--
INFO: Run Behavior\WriteHtmlCacheBehavior [ RunTime:0.000561s ]
INFO: [ view_filter ] --END-- [ RunTime:0.000625s ]
INFO: [ app_end ] --START--
INFO: Run Behavior\ShowPageTraceBehavior [ RunTime:0.000834s ]
INFO: [ app_end ] --END-- [ RunTime:0.000898s ]

[ 2016-08-09T13:57:15+08:00 ] 127.0.0.1 /yycmsfortp/admin.php/index/index.html
INFO: [ app_init ] --START--
INFO: Run Behavior\BuildLiteBehavior [ RunTime:0.000021s ]
INFO: [ app_init ] --END-- [ RunTime:0.000724s ]
INFO: [ app_begin ] --START--
INFO: Run Behavior\ReadHtmlCacheBehavior [ RunTime:0.000895s ]
INFO: [ app_begin ] --END-- [ RunTime:0.000967s ]
SQL: SHOW COLUMNS FROM `menu` [ RunTime:0.0192s ]
SQL: SELECT `id`,`name`,`pid`,`isparent`,`url` FROM `menu` WHERE ( roleid ='' or roleid in ( select roleid from userinrole where userid='admin') ) ORDER BY menuorder  [ RunTime:0.0230s ]
INFO: [ view_parse ] --START--
INFO: [ template_filter ] --START--
INFO: Run Behavior\ContentReplaceBehavior [ RunTime:0.000069s ]
INFO: [ template_filter ] --END-- [ RunTime:0.000141s ]
INFO: Run Behavior\ParseTemplateBehavior [ RunTime:0.032693s ]
INFO: [ view_parse ] --END-- [ RunTime:0.032794s ]
INFO: [ view_filter ] --START--
INFO: Run Behavior\WriteHtmlCacheBehavior [ RunTime:0.000583s ]
INFO: [ view_filter ] --END-- [ RunTime:0.000648s ]
INFO: [ app_end ] --START--
INFO: Run Behavior\ShowPageTraceBehavior [ RunTime:0.001444s ]
INFO: [ app_end ] --END-- [ RunTime:0.001542s ]

[ 2016-08-09T13:57:15+08:00 ] 127.0.0.1 /yycmsfortp/admin.php/index/images/top.jpg
INFO: [ app_init ] --START--
INFO: Run Behavior\BuildLiteBehavior [ RunTime:0.000032s ]
INFO: [ app_init ] --END-- [ RunTime:0.001049s ]

[ 2016-08-09T13:57:16+08:00 ] 127.0.0.1 /yycmsfortp/admin.php/index/images/top.jpg
INFO: [ app_init ] --START--
INFO: Run Behavior\BuildLiteBehavior [ RunTime:0.000033s ]
INFO: [ app_init ] --END-- [ RunTime:0.001041s ]

[ 2016-08-09T13:57:16+08:00 ] 127.0.0.1 /yycmsfortp/admin.php/user/main.html
INFO: [ app_init ] --START--
INFO: Run Behavior\BuildLiteBehavior [ RunTime:0.000025s ]
INFO: [ app_init ] --END-- [ RunTime:0.000736s ]
INFO: [ app_begin ] --START--
INFO: Run Behavior\ReadHtmlCacheBehavior [ RunTime:0.000937s ]
INFO: [ app_begin ] --END-- [ RunTime:0.001018s ]
SQL: SHOW COLUMNS FROM `userinrole` [ RunTime:0.0080s ]
SQL: SELECT `rolename` FROM `userinrole` INNER JOIN  roles on roles.roleid=userinrole.roleid  WHERE (  userid='admin' )  [ RunTime:0.0234s ]
INFO: [ view_parse ] --START--
INFO: [ template_filter ] --START--
INFO: Run Behavior\ContentReplaceBehavior [ RunTime:0.000068s ]
INFO: [ template_filter ] --END-- [ RunTime:0.000160s ]
INFO: Run Behavior\ParseTemplateBehavior [ RunTime:0.027034s ]
INFO: [ view_parse ] --END-- [ RunTime:0.027128s ]
INFO: [ view_filter ] --START--
INFO: Run Behavior\WriteHtmlCacheBehavior [ RunTime:0.000600s ]
INFO: [ view_filter ] --END-- [ RunTime:0.000664s ]
INFO: [ app_end ] --START--
INFO: Run Behavior\ShowPageTraceBehavior [ RunTime:0.000894s ]
INFO: [ app_end ] --END-- [ RunTime:0.000965s ]

[ 2016-08-09T13:57:40+08:00 ] 127.0.0.1 /yycmsfortp/admin.php/user/main.html
INFO: [ app_init ] --START--
INFO: Run Behavior\BuildLiteBehavior [ RunTime:0.000034s ]
INFO: [ app_init ] --END-- [ RunTime:0.001040s ]
INFO: [ app_begin ] --START--
INFO: Run Behavior\ReadHtmlCacheBehavior [ RunTime:0.000836s ]
INFO: [ app_begin ] --END-- [ RunTime:0.000908s ]
SQL: SHOW COLUMNS FROM `userinrole` [ RunTime:0.0096s ]
SQL: SELECT `rolename` FROM `userinrole` INNER JOIN  roles on roles.roleid=userinrole.roleid  WHERE (  userid='admin' )  [ RunTime:0.0127s ]
INFO: [ view_parse ] --START--
INFO: [ template_filter ] --START--
INFO: Run Behavior\ContentReplaceBehavior [ RunTime:0.000100s ]
INFO: [ template_filter ] --END-- [ RunTime:0.000233s ]
INFO: Run Behavior\ParseTemplateBehavior [ RunTime:0.011525s ]
INFO: [ view_parse ] --END-- [ RunTime:0.011676s ]
INFO: [ view_filter ] --START--
INFO: Run Behavior\WriteHtmlCacheBehavior [ RunTime:0.001043s ]
INFO: [ view_filter ] --END-- [ RunTime:0.001146s ]
INFO: [ app_end ] --START--
INFO: Run Behavior\ShowPageTraceBehavior [ RunTime:0.001491s ]
INFO: [ app_end ] --END-- [ RunTime:0.001597s ]

[ 2016-08-09T13:57:43+08:00 ] 127.0.0.1 /yycmsfortp/admin.php/article/articlelist.html
INFO: [ app_init ] --START--
INFO: Run Behavior\BuildLiteBehavior [ RunTime:0.000020s ]
INFO: [ app_init ] --END-- [ RunTime:0.000700s ]
INFO: [ app_begin ] --START--
INFO: Run Behavior\ReadHtmlCacheBehavior [ RunTime:0.000824s ]
INFO: [ app_begin ] --END-- [ RunTime:0.000894s ]
SQL: SHOW COLUMNS FROM `article_classlist` [ RunTime:0.0206s ]
SQL: SELECT `ID`,`TITLE`,`PARENTID` FROM `article_classlist` WHERE ( PARENTID='-1' ) LIMIT 1   [ RunTime:0.0116s ]
SQL: SELECT `TITLE`,`ID` FROM `article_classlist` WHERE ( PARENTID='-1' )  [ RunTime:0.0003s ]
SQL: SHOW COLUMNS FROM `article` [ RunTime:0.0348s ]
SQL: SELECT COUNT(*) AS tp_count FROM `article` WHERE ( ISDELETE='0' and title like '%%' and classid='1001' ) LIMIT 1   [ RunTime:0.0122s ]
SQL: SELECT `ID`,`TITLE`,`CLASSID` FROM `article` WHERE ( ISDELETE=0 and title like '%%' and classid='1001' ) ORDER BY uptime desc LIMIT 0,10   [ RunTime:0.0008s ]
INFO: [ view_parse ] --START--
INFO: [ template_filter ] --START--
INFO: Run Behavior\ContentReplaceBehavior [ RunTime:0.000074s ]
INFO: [ template_filter ] --END-- [ RunTime:0.000161s ]
NOTIC: [8] Use of undefined constant classid - assumed 'classid' F:\yycms\yycmsfortp\APP\Runtime\Cache\Admin\eb629b90f102f9e230d4bc5cfe3cf214.php 第 46 行.
NOTIC: [8] Use of undefined constant id - assumed 'id' F:\yycms\yycmsfortp\APP\Runtime\Cache\Admin\eb629b90f102f9e230d4bc5cfe3cf214.php 第 46 行.
NOTIC: [8] Use of undefined constant classid - assumed 'classid' F:\yycms\yycmsfortp\APP\Runtime\Cache\Admin\eb629b90f102f9e230d4bc5cfe3cf214.php 第 46 行.
NOTIC: [8] Use of undefined constant id - assumed 'id' F:\yycms\yycmsfortp\APP\Runtime\Cache\Admin\eb629b90f102f9e230d4bc5cfe3cf214.php 第 46 行.
NOTIC: [8] Use of undefined constant classid - assumed 'classid' F:\yycms\yycmsfortp\APP\Runtime\Cache\Admin\eb629b90f102f9e230d4bc5cfe3cf214.php 第 46 行.
NOTIC: [8] Use of undefined constant id - assumed 'id' F:\yycms\yycmsfortp\APP\Runtime\Cache\Admin\eb629b90f102f9e230d4bc5cfe3cf214.php 第 46 行.
NOTIC: [8] Use of undefined constant classid - assumed 'classid' F:\yycms\yycmsfortp\APP\Runtime\Cache\Admin\eb629b90f102f9e230d4bc5cfe3cf214.php 第 46 行.
NOTIC: [8] Use of undefined constant id - assumed 'id' F:\yycms\yycmsfortp\APP\Runtime\Cache\Admin\eb629b90f102f9e230d4bc5cfe3cf214.php 第 46 行.
NOTIC: [8] Use of undefined constant classid - assumed 'classid' F:\yycms\yycmsfortp\APP\Runtime\Cache\Admin\eb629b90f102f9e230d4bc5cfe3cf214.php 第 46 行.
NOTIC: [8] Use of undefined constant id - assumed 'id' F:\yycms\yycmsfortp\APP\Runtime\Cache\Admin\eb629b90f102f9e230d4bc5cfe3cf214.php 第 46 行.
NOTIC: [8] Use of undefined constant classid - assumed 'classid' F:\yycms\yycmsfortp\APP\Runtime\Cache\Admin\eb629b90f102f9e230d4bc5cfe3cf214.php 第 46 行.
NOTIC: [8] Use of undefined constant id - assumed 'id' F:\yycms\yycmsfortp\APP\Runtime\Cache\Admin\eb629b90f102f9e230d4bc5cfe3cf214.php 第 46 行.
INFO: Run Behavior\ParseTemplateBehavior [ RunTime:0.015979s ]
INFO: [ view_parse ] --END-- [ RunTime:0.016063s ]
INFO: [ view_filter ] --START--
INFO: Run Behavior\WriteHtmlCacheBehavior [ RunTime:0.000674s ]
INFO: [ view_filter ] --END-- [ RunTime:0.000737s ]
INFO: [ app_end ] --START--
INFO: Run Behavior\ShowPageTraceBehavior [ RunTime:0.001115s ]
INFO: [ app_end ] --END-- [ RunTime:0.001195s ]

[ 2016-08-09T13:57:49+08:00 ] 127.0.0.1 /yycmsfortp/admin.php/user/userlist.html
INFO: [ app_init ] --START--
INFO: Run Behavior\BuildLiteBehavior [ RunTime:0.000020s ]
INFO: [ app_init ] --END-- [ RunTime:0.000701s ]
INFO: [ app_begin ] --START--
INFO: Run Behavior\ReadHtmlCacheBehavior [ RunTime:0.000827s ]
INFO: [ app_begin ] --END-- [ RunTime:0.000897s ]
SQL: SHOW COLUMNS FROM `users` [ RunTime:0.0078s ]
SQL: SELECT COUNT(*) AS tp_count FROM `users` WHERE ( username like '%%' or userid like '%%' ) LIMIT 1   [ RunTime:0.0154s ]
SQL: SELECT * FROM `users` WHERE ( username like '%%' or userid like '%%' ) ORDER BY uptime desc LIMIT 0,10   [ RunTime:0.0008s ]
INFO: [ view_parse ] --START--
INFO: [ template_filter ] --START--
INFO: Run Behavior\ContentReplaceBehavior [ RunTime:0.000073s ]
INFO: [ template_filter ] --END-- [ RunTime:0.000161s ]
NOTIC: [8] Use of undefined constant userid - assumed 'userid' F:\yycms\yycmsfortp\APP\Runtime\Cache\Admin\756474a72393300b348313b32f7cb5c9.php 第 65 行.
NOTIC: [8] Use of undefined constant userid - assumed 'userid' F:\yycms\yycmsfortp\APP\Runtime\Cache\Admin\756474a72393300b348313b32f7cb5c9.php 第 65 行.
NOTIC: [8] Use of undefined constant userid - assumed 'userid' F:\yycms\yycmsfortp\APP\Runtime\Cache\Admin\756474a72393300b348313b32f7cb5c9.php 第 65 行.
NOTIC: [8] Use of undefined constant userid - assumed 'userid' F:\yycms\yycmsfortp\APP\Runtime\Cache\Admin\756474a72393300b348313b32f7cb5c9.php 第 65 行.
NOTIC: [8] Use of undefined constant userid - assumed 'userid' F:\yycms\yycmsfortp\APP\Runtime\Cache\Admin\756474a72393300b348313b32f7cb5c9.php 第 65 行.
NOTIC: [8] Use of undefined constant userid - assumed 'userid' F:\yycms\yycmsfortp\APP\Runtime\Cache\Admin\756474a72393300b348313b32f7cb5c9.php 第 65 行.
NOTIC: [8] Use of undefined constant userid - assumed 'userid' F:\yycms\yycmsfortp\APP\Runtime\Cache\Admin\756474a72393300b348313b32f7cb5c9.php 第 65 行.
NOTIC: [8] Use of undefined constant userid - assumed 'userid' F:\yycms\yycmsfortp\APP\Runtime\Cache\Admin\756474a72393300b348313b32f7cb5c9.php 第 65 行.
NOTIC: [8] Use of undefined constant userid - assumed 'userid' F:\yycms\yycmsfortp\APP\Runtime\Cache\Admin\756474a72393300b348313b32f7cb5c9.php 第 65 行.
NOTIC: [8] Use of undefined constant userid - assumed 'userid' F:\yycms\yycmsfortp\APP\Runtime\Cache\Admin\756474a72393300b348313b32f7cb5c9.php 第 65 行.
INFO: Run Behavior\ParseTemplateBehavior [ RunTime:0.023988s ]
INFO: [ view_parse ] --END-- [ RunTime:0.024108s ]
INFO: [ view_filter ] --START--
INFO: Run Behavior\WriteHtmlCacheBehavior [ RunTime:0.000668s ]
INFO: [ view_filter ] --END-- [ RunTime:0.000732s ]
INFO: [ app_end ] --START--
INFO: Run Behavior\ShowPageTraceBehavior [ RunTime:0.000981s ]
INFO: [ app_end ] --END-- [ RunTime:0.001046s ]

